[2022-01-15 08:07:51] local.ERROR: Your card was declined. Your request was in test mode, but used a non test (live) card. For a list of valid test cards, visit: https://stripe.com/docs/testing. {"exception":"[object] (Stripe\\Exception\\CardException(code: 0): Your card was declined. Your request was in test mode, but used a non test (live) card. For a list of valid test cards, visit: https://stripe.com/docs/testing. at C:\\xampp\\htdocs\\Cato softwares\\crowd funding\\getfund-5.2\\getfund-5.2\\source\\vendor\\stripe\\stripe-php\\lib\\Exception\\ApiErrorException.php:38)
[stacktrace]
#0 C:\\xampp\\htdocs\\Cato softwares\\crowd funding\\getfund-5.2\\getfund-5.2\\source\\vendor\\stripe\\stripe-php\\lib\\Exception\\CardException.php(38): Stripe\\Exception\\ApiErrorException::factory('Your card was d...', 402, '{\
  \"error\": {\
...', Array, Object(Stripe\\Util\\CaseInsensitiveArray), 'card_declined')
#1 C:\\xampp\\htdocs\\Cato softwares\\crowd funding\\getfund-5.2\\getfund-5.2\\source\\vendor\\stripe\\stripe-php\\lib\\ApiRequestor.php(191): Stripe\\Exception\\CardException::factory('Your card was d...', 402, '{\
  \"error\": {\
...', Array, Object(Stripe\\Util\\CaseInsensitiveArray), 'card_declined', 'test_mode_live_...', NULL)
#2 C:\\xampp\\htdocs\\Cato softwares\\crowd funding\\getfund-5.2\\getfund-5.2\\source\\vendor\\stripe\\stripe-php\\lib\\ApiRequestor.php(149): Stripe\\ApiRequestor::_specificAPIError('{\
  \"error\": {\
...', 402, Object(Stripe\\Util\\CaseInsensitiveArray), Array, Array)
#3 C:\\xampp\\htdocs\\Cato softwares\\crowd funding\\getfund-5.2\\getfund-5.2\\source\\vendor\\stripe\\stripe-php\\lib\\ApiRequestor.php(438): Stripe\\ApiRequestor->handleErrorResponse('{\
  \"error\": {\
...', 402, Object(Stripe\\Util\\CaseInsensitiveArray), Array)
#4 C:\\xampp\\htdocs\\Cato softwares\\crowd funding\\getfund-5.2\\getfund-5.2\\source\\vendor\\stripe\\stripe-php\\lib\\ApiRequestor.php(118): Stripe\\ApiRequestor->_interpretResponse('{\
  \"error\": {\
...', 402, Object(Stripe\\Util\\CaseInsensitiveArray))
#5 C:\\xampp\\htdocs\\Cato softwares\\crowd funding\\getfund-5.2\\getfund-5.2\\source\\vendor\\stripe\\stripe-php\\lib\\ApiOperations\\Request.php(63): Stripe\\ApiRequestor->request('post', '/v1/charges', Array, Array)
#6 C:\\xampp\\htdocs\\Cato softwares\\crowd funding\\getfund-5.2\\getfund-5.2\\source\\vendor\\stripe\\stripe-php\\lib\\ApiOperations\\Create.php(25): Stripe\\ApiResource::_staticRequest('post', '/v1/charges', Array, NULL)
#7 C:\\xampp\\htdocs\\Cato softwares\\crowd funding\\getfund-5.2\\getfund-5.2\\source\\app\\Http\\Controllers\\CampaignsController.php(627): Stripe\\Charge::create(Array)
#8 [internal function]: App\\Http\\Controllers\\CampaignsController->paymentStripeReceive(Object(Illuminate\\Http\\Request))
#9 C:\\xampp\\htdocs\\Cato softwares\\crowd funding\\getfund-5.2\\getfund-5.2\\source\\vendor\\laravel\\framework\\src\\Illuminate\\Routing\\Controller.php(54): call_user_func_array(Array, Array)
#10 C:\\xampp\\htdocs\\Cato softwares\\crowd funding\\getfund-5.2\\getfund-5.2\\source\\vendor\\laravel\\framework\\src\\Illuminate\\Routing\\ControllerDispatcher.php(45): Illuminate\\Routing\\Controller->callAction('paymentStripeRe...', Array)
#11 C:\\xampp\\htdocs\\Cato softwares\\crowd funding\\getfund-5.2\\getfund-5.2\\source\\vendor\\laravel\\framework\\src\\Illuminate\\Routing\\Route.php(225): Illuminate\\Routing\\ControllerDispatcher->dispatch(Object(Illuminate\\Routing\\Route), Object(App\\Http\\Controllers\\CampaignsController), 'paymentStripeRe...')
#12 C:\\xampp\\htdocs\\Cato softwares\\crowd funding\\getfund-5.2\\getfund-5.2\\source\\vendor\\laravel\\framework\\src\\Illuminate\\Routing\\Route.php(182): Illuminate\\Routing\\Route->runController()
#13 C:\\xampp\\htdocs\\Cato softwares\\crowd funding\\getfund-5.2\\getfund-5.2\\source\\vendor\\laravel\\framework\\src\\Illuminate\\Routing\\Router.php(685): Illuminate\\Routing\\Route->run()
#14 C:\\xampp\\htdocs\\Cato softwares\\crowd funding\\getfund-5.2\\getfund-5.2\\source\\vendor\\laravel\\framework\\src\\Illuminate\\Pipeline\\Pipeline.php(128): Illuminate\\Routing\\Router->Illuminate\\Routing\\{closure}(Object(Illuminate\\Http\\Request))
#15 C:\\xampp\\htdocs\\Cato softwares\\crowd funding\\getfund-5.2\\getfund-5.2\\source\\vendor\\laravel\\framework\\src\\Illuminate\\Routing\\Middleware\\SubstituteBindings.php(41): Illuminate\\Pipeline\\Pipeline->Illuminate\\Pipeline\\{closure}(Object(Illuminate\\Http\\Request))
#16 C:\\xampp\\htdocs\\Cato softwares\\crowd funding\\getfund-5.2\\getfund-5.2\\source\\vendor\\laravel\\framework\\src\\Illuminate\\Pipeline\\Pipeline.php(167): Illuminate\\Routing\\Middleware\\SubstituteBindings->handle(Object(Illuminate\\Http\\Request), Object(Closure))
#17 C:\\xampp\\htdocs\\Cato softwares\\crowd funding\\getfund-5.2\\getfund-5.2\\source\\vendor\\laravel\\framework\\src\\Illuminate\\Foundation\\Http\\Middleware\\VerifyCsrfToken.php(76): Illuminate\\Pipeline\\Pipeline->Illuminate\\Pipeline\\{closure}(Object(Illuminate\\Http\\Request))
#18 C:\\xampp\\htdocs\\Cato softwares\\crowd funding\\getfund-5.2\\getfund-5.2\\source\\vendor\\laravel\\framework\\src\\Illuminate\\Pipeline\\Pipeline.php(167): Illuminate\\Foundation\\Http\\Middleware\\VerifyCsrfToken->handle(Object(Illuminate\\Http\\Request), Object(Closure))
#19 C:\\xampp\\htdocs\\Cato softwares\\crowd funding\\getfund-5.2\\getfund-5.2\\source\\vendor\\laravel\\framework\\src\\Illuminate\\View\\Middleware\\ShareErrorsFromSession.php(49): Illuminate\\Pipeline\\Pipeline->Illuminate\\Pipeline\\{closure}(Object(Illuminate\\Http\\Request))
#20 C:\\xampp\\htdocs\\Cato softwares\\crowd funding\\getfund-5.2\\getfund-5.2\\source\\vendor\\laravel\\framework\\src\\Illuminate\\Pipeline\\Pipeline.php(167): Illuminate\\View\\Middleware\\ShareErrorsFromSession->handle(Object(Illuminate\\Http\\Request), Object(Closure))
#21 C:\\xampp\\htdocs\\Cato softwares\\crowd funding\\getfund-5.2\\getfund-5.2\\source\\vendor\\laravel\\framework\\src\\Illuminate\\Session\\Middleware\\StartSession.php(56): Illuminate\\Pipeline\\Pipeline->Illuminate\\Pipeline\\{closure}(Object(Illuminate\\Http\\Request))
#22 C:\\xampp\\htdocs\\Cato softwares\\crowd funding\\getfund-5.2\\getfund-5.2\\source\\vendor\\laravel\\framework\\src\\Illuminate\\Pipeline\\Pipeline.php(167): Illuminate\\Session\\Middleware\\StartSession->handle(Object(Illuminate\\Http\\Request), Object(Closure))
#23 C:\\xampp\\htdocs\\Cato softwares\\crowd funding\\getfund-5.2\\getfund-5.2\\source\\vendor\\laravel\\framework\\src\\Illuminate\\Cookie\\Middleware\\AddQueuedCookiesToResponse.php(37): Illuminate\\Pipeline\\Pipeline->Illuminate\\Pipeline\\{closure}(Object(Illuminate\\Http\\Request))
#24 C:\\xampp\\htdocs\\Cato softwares\\crowd funding\\getfund-5.2\\getfund-5.2\\source\\vendor\\laravel\\framework\\src\\Illuminate\\Pipeline\\Pipeline.php(167): Illuminate\\Cookie\\Middleware\\AddQueuedCookiesToResponse->handle(Object(Illuminate\\Http\\Request), Object(Closure))
#25 C:\\xampp\\htdocs\\Cato softwares\\crowd funding\\getfund-5.2\\getfund-5.2\\source\\vendor\\laravel\\framework\\src\\Illuminate\\Cookie\\Middleware\\EncryptCookies.php(66): Illuminate\\Pipeline\\Pipeline->Illuminate\\Pipeline\\{closure}(Object(Illuminate\\Http\\Request))
#26 C:\\xampp\\htdocs\\Cato softwares\\crowd funding\\getfund-5.2\\getfund-5.2\\source\\vendor\\laravel\\framework\\src\\Illuminate\\Pipeline\\Pipeline.php(167): Illuminate\\Cookie\\Middleware\\EncryptCookies->handle(Object(Illuminate\\Http\\Request), Object(Closure))
#27 C:\\xampp\\htdocs\\Cato softwares\\crowd funding\\getfund-5.2\\getfund-5.2\\source\\vendor\\laravel\\framework\\src\\Illuminate\\Pipeline\\Pipeline.php(103): Illuminate\\Pipeline\\Pipeline->Illuminate\\Pipeline\\{closure}(Object(Illuminate\\Http\\Request))
#28 C:\\xampp\\htdocs\\Cato softwares\\crowd funding\\getfund-5.2\\getfund-5.2\\source\\vendor\\laravel\\framework\\src\\Illuminate\\Routing\\Router.php(687): Illuminate\\Pipeline\\Pipeline->then(Object(Closure))
#29 C:\\xampp\\htdocs\\Cato softwares\\crowd funding\\getfund-5.2\\getfund-5.2\\source\\vendor\\laravel\\framework\\src\\Illuminate\\Routing\\Router.php(662): Illuminate\\Routing\\Router->runRouteWithinStack(Object(Illuminate\\Routing\\Route), Object(Illuminate\\Http\\Request))
#30 C:\\xampp\\htdocs\\Cato softwares\\crowd funding\\getfund-5.2\\getfund-5.2\\source\\vendor\\laravel\\framework\\src\\Illuminate\\Routing\\Router.php(628): Illuminate\\Routing\\Router->runRoute(Object(Illuminate\\Http\\Request), Object(Illuminate\\Routing\\Route))
#31 C:\\xampp\\htdocs\\Cato softwares\\crowd funding\\getfund-5.2\\getfund-5.2\\source\\vendor\\laravel\\framework\\src\\Illuminate\\Routing\\Router.php(617): Illuminate\\Routing\\Router->dispatchToRoute(Object(Illuminate\\Http\\Request))
#32 C:\\xampp\\htdocs\\Cato softwares\\crowd funding\\getfund-5.2\\getfund-5.2\\source\\vendor\\laravel\\framework\\src\\Illuminate\\Foundation\\Http\\Kernel.php(165): Illuminate\\Routing\\Router->dispatch(Object(Illuminate\\Http\\Request))
#33 C:\\xampp\\htdocs\\Cato softwares\\crowd funding\\getfund-5.2\\getfund-5.2\\source\\vendor\\laravel\\framework\\src\\Illuminate\\Pipeline\\Pipeline.php(128): Illuminate\\Foundation\\Http\\Kernel->Illuminate\\Foundation\\Http\\{closure}(Object(Illuminate\\Http\\Request))
#34 C:\\xampp\\htdocs\\Cato softwares\\crowd funding\\getfund-5.2\\getfund-5.2\\source\\vendor\\barryvdh\\laravel-debugbar\\src\\Middleware\\InjectDebugbar.php(58): Illuminate\\Pipeline\\Pipeline->Illuminate\\Pipeline\\{closure}(Object(Illuminate\\Http\\Request))
#35 C:\\xampp\\htdocs\\Cato softwares\\crowd funding\\getfund-5.2\\getfund-5.2\\source\\vendor\\laravel\\framework\\src\\Illuminate\\Pipeline\\Pipeline.php(167): Barryvdh\\Debugbar\\Middleware\\InjectDebugbar->handle(Object(Illuminate\\Http\\Request), Object(Closure))
#36 C:\\xampp\\htdocs\\Cato softwares\\crowd funding\\getfund-5.2\\getfund-5.2\\source\\vendor\\laravel\\framework\\src\\Illuminate\\Foundation\\Http\\Middleware\\TransformsRequest.php(21): Illuminate\\Pipeline\\Pipeline->Illuminate\\Pipeline\\{closure}(Object(Illuminate\\Http\\Request))
#37 C:\\xampp\\htdocs\\Cato softwares\\crowd funding\\getfund-5.2\\getfund-5.2\\source\\vendor\\laravel\\framework\\src\\Illuminate\\Pipeline\\Pipeline.php(167): Illuminate\\Foundation\\Http\\Middleware\\TransformsRequest->handle(Object(Illuminate\\Http\\Request), Object(Closure))
#38 C:\\xampp\\htdocs\\Cato softwares\\crowd funding\\getfund-5.2\\getfund-5.2\\source\\vendor\\laravel\\framework\\src\\Illuminate\\Foundation\\Http\\Middleware\\TransformsRequest.php(21): Illuminate\\Pipeline\\Pipeline->Illuminate\\Pipeline\\{closure}(Object(Illuminate\\Http\\Request))
#39 C:\\xampp\\htdocs\\Cato softwares\\crowd funding\\getfund-5.2\\getfund-5.2\\source\\vendor\\laravel\\framework\\src\\Illuminate\\Pipeline\\Pipeline.php(167): Illuminate\\Foundation\\Http\\Middleware\\TransformsRequest->handle(Object(Illuminate\\Http\\Request), Object(Closure))
#40 C:\\xampp\\htdocs\\Cato softwares\\crowd funding\\getfund-5.2\\getfund-5.2\\source\\vendor\\laravel\\framework\\src\\Illuminate\\Foundation\\Http\\Middleware\\ValidatePostSize.php(27): Illuminate\\Pipeline\\Pipeline->Illuminate\\Pipeline\\{closure}(Object(Illuminate\\Http\\Request))
#41 C:\\xampp\\htdocs\\Cato softwares\\crowd funding\\getfund-5.2\\getfund-5.2\\source\\vendor\\laravel\\framework\\src\\Illuminate\\Pipeline\\Pipeline.php(167): Illuminate\\Foundation\\Http\\Middleware\\ValidatePostSize->handle(Object(Illuminate\\Http\\Request), Object(Closure))
#42 C:\\xampp\\htdocs\\Cato softwares\\crowd funding\\getfund-5.2\\getfund-5.2\\source\\vendor\\laravel\\framework\\src\\Illuminate\\Foundation\\Http\\Middleware\\CheckForMaintenanceMode.php(63): Illuminate\\Pipeline\\Pipeline->Illuminate\\Pipeline\\{closure}(Object(Illuminate\\Http\\Request))
#43 C:\\xampp\\htdocs\\Cato softwares\\crowd funding\\getfund-5.2\\getfund-5.2\\source\\vendor\\laravel\\framework\\src\\Illuminate\\Pipeline\\Pipeline.php(167): Illuminate\\Foundation\\Http\\Middleware\\CheckForMaintenanceMode->handle(Object(Illuminate\\Http\\Request), Object(Closure))
#44 C:\\xampp\\htdocs\\Cato softwares\\crowd funding\\getfund-5.2\\getfund-5.2\\source\\vendor\\laravel\\framework\\src\\Illuminate\\Pipeline\\Pipeline.php(103): Illuminate\\Pipeline\\Pipeline->Illuminate\\Pipeline\\{closure}(Object(Illuminate\\Http\\Request))
#45 C:\\xampp\\htdocs\\Cato softwares\\crowd funding\\getfund-5.2\\getfund-5.2\\source\\vendor\\laravel\\framework\\src\\Illuminate\\Foundation\\Http\\Kernel.php(140): Illuminate\\Pipeline\\Pipeline->then(Object(Closure))
#46 C:\\xampp\\htdocs\\Cato softwares\\crowd funding\\getfund-5.2\\getfund-5.2\\source\\vendor\\laravel\\framework\\src\\Illuminate\\Foundation\\Http\\Kernel.php(109): Illuminate\\Foundation\\Http\\Kernel->sendRequestThroughRouter(Object(Illuminate\\Http\\Request))
#47 C:\\xampp\\htdocs\\Cato softwares\\crowd funding\\getfund-5.2\\getfund-5.2\\source\\public\\index.php(53): Illuminate\\Foundation\\Http\\Kernel->handle(Object(Illuminate\\Http\\Request))
#48 C:\\xampp\\htdocs\\Cato softwares\\crowd funding\\getfund-5.2\\getfund-5.2\\source\\server.php(21): require_once('C:\\\\xampp\\\\htdocs...')
#49 {main}
"} 
[2022-01-15 09:03:17] local.ERROR: Your card was declined. Your request was in test mode, but used a non test (live) card. For a list of valid test cards, visit: https://stripe.com/docs/testing. {"userId":6,"exception":"[object] (Stripe\\Exception\\CardException(code: 0): Your card was declined. Your request was in test mode, but used a non test (live) card. For a list of valid test cards, visit: https://stripe.com/docs/testing. at C:\\xampp\\htdocs\\Cato softwares\\crowd funding\\getfund-5.2\\getfund-5.2\\source\\vendor\\stripe\\stripe-php\\lib\\Exception\\ApiErrorException.php:38)
[stacktrace]
#0 C:\\xampp\\htdocs\\Cato softwares\\crowd funding\\getfund-5.2\\getfund-5.2\\source\\vendor\\stripe\\stripe-php\\lib\\Exception\\CardException.php(38): Stripe\\Exception\\ApiErrorException::factory('Your card was d...', 402, '{\
  \"error\": {\
...', Array, Object(Stripe\\Util\\CaseInsensitiveArray), 'card_declined')
#1 C:\\xampp\\htdocs\\Cato softwares\\crowd funding\\getfund-5.2\\getfund-5.2\\source\\vendor\\stripe\\stripe-php\\lib\\ApiRequestor.php(191): Stripe\\Exception\\CardException::factory('Your card was d...', 402, '{\
  \"error\": {\
...', Array, Object(Stripe\\Util\\CaseInsensitiveArray), 'card_declined', 'test_mode_live_...', NULL)
#2 C:\\xampp\\htdocs\\Cato softwares\\crowd funding\\getfund-5.2\\getfund-5.2\\source\\vendor\\stripe\\stripe-php\\lib\\ApiRequestor.php(149): Stripe\\ApiRequestor::_specificAPIError('{\
  \"error\": {\
...', 402, Object(Stripe\\Util\\CaseInsensitiveArray), Array, Array)
#3 C:\\xampp\\htdocs\\Cato softwares\\crowd funding\\getfund-5.2\\getfund-5.2\\source\\vendor\\stripe\\stripe-php\\lib\\ApiRequestor.php(438): Stripe\\ApiRequestor->handleErrorResponse('{\
  \"error\": {\
...', 402, Object(Stripe\\Util\\CaseInsensitiveArray), Array)
#4 C:\\xampp\\htdocs\\Cato softwares\\crowd funding\\getfund-5.2\\getfund-5.2\\source\\vendor\\stripe\\stripe-php\\lib\\ApiRequestor.php(118): Stripe\\ApiRequestor->_interpretResponse('{\
  \"error\": {\
...', 402, Object(Stripe\\Util\\CaseInsensitiveArray))
#5 C:\\xampp\\htdocs\\Cato softwares\\crowd funding\\getfund-5.2\\getfund-5.2\\source\\vendor\\stripe\\stripe-php\\lib\\ApiOperations\\Request.php(63): Stripe\\ApiRequestor->request('post', '/v1/charges', Array, Array)
#6 C:\\xampp\\htdocs\\Cato softwares\\crowd funding\\getfund-5.2\\getfund-5.2\\source\\vendor\\stripe\\stripe-php\\lib\\ApiOperations\\Create.php(25): Stripe\\ApiResource::_staticRequest('post', '/v1/charges', Array, NULL)
#7 C:\\xampp\\htdocs\\Cato softwares\\crowd funding\\getfund-5.2\\getfund-5.2\\source\\app\\Http\\Controllers\\CampaignsController.php(627): Stripe\\Charge::create(Array)
#8 [internal function]: App\\Http\\Controllers\\CampaignsController->paymentStripeReceive(Object(Illuminate\\Http\\Request))
#9 C:\\xampp\\htdocs\\Cato softwares\\crowd funding\\getfund-5.2\\getfund-5.2\\source\\vendor\\laravel\\framework\\src\\Illuminate\\Routing\\Controller.php(54): call_user_func_array(Array, Array)
#10 C:\\xampp\\htdocs\\Cato softwares\\crowd funding\\getfund-5.2\\getfund-5.2\\source\\vendor\\laravel\\framework\\src\\Illuminate\\Routing\\ControllerDispatcher.php(45): Illuminate\\Routing\\Controller->callAction('paymentStripeRe...', Array)
#11 C:\\xampp\\htdocs\\Cato softwares\\crowd funding\\getfund-5.2\\getfund-5.2\\source\\vendor\\laravel\\framework\\src\\Illuminate\\Routing\\Route.php(225): Illuminate\\Routing\\ControllerDispatcher->dispatch(Object(Illuminate\\Routing\\Route), Object(App\\Http\\Controllers\\CampaignsController), 'paymentStripeRe...')
#12 C:\\xampp\\htdocs\\Cato softwares\\crowd funding\\getfund-5.2\\getfund-5.2\\source\\vendor\\laravel\\framework\\src\\Illuminate\\Routing\\Route.php(182): Illuminate\\Routing\\Route->runController()
#13 C:\\xampp\\htdocs\\Cato softwares\\crowd funding\\getfund-5.2\\getfund-5.2\\source\\vendor\\laravel\\framework\\src\\Illuminate\\Routing\\Router.php(685): Illuminate\\Routing\\Route->run()
#14 C:\\xampp\\htdocs\\Cato softwares\\crowd funding\\getfund-5.2\\getfund-5.2\\source\\vendor\\laravel\\framework\\src\\Illuminate\\Pipeline\\Pipeline.php(128): Illuminate\\Routing\\Router->Illuminate\\Routing\\{closure}(Object(Illuminate\\Http\\Request))
#15 C:\\xampp\\htdocs\\Cato softwares\\crowd funding\\getfund-5.2\\getfund-5.2\\source\\vendor\\laravel\\framework\\src\\Illuminate\\Routing\\Middleware\\SubstituteBindings.php(41): Illuminate\\Pipeline\\Pipeline->Illuminate\\Pipeline\\{closure}(Object(Illuminate\\Http\\Request))
#16 C:\\xampp\\htdocs\\Cato softwares\\crowd funding\\getfund-5.2\\getfund-5.2\\source\\vendor\\laravel\\framework\\src\\Illuminate\\Pipeline\\Pipeline.php(167): Illuminate\\Routing\\Middleware\\SubstituteBindings->handle(Object(Illuminate\\Http\\Request), Object(Closure))
#17 C:\\xampp\\htdocs\\Cato softwares\\crowd funding\\getfund-5.2\\getfund-5.2\\source\\vendor\\laravel\\framework\\src\\Illuminate\\Foundation\\Http\\Middleware\\VerifyCsrfToken.php(76): Illuminate\\Pipeline\\Pipeline->Illuminate\\Pipeline\\{closure}(Object(Illuminate\\Http\\Request))
#18 C:\\xampp\\htdocs\\Cato softwares\\crowd funding\\getfund-5.2\\getfund-5.2\\source\\vendor\\laravel\\framework\\src\\Illuminate\\Pipeline\\Pipeline.php(167): Illuminate\\Foundation\\Http\\Middleware\\VerifyCsrfToken->handle(Object(Illuminate\\Http\\Request), Object(Closure))
#19 C:\\xampp\\htdocs\\Cato softwares\\crowd funding\\getfund-5.2\\getfund-5.2\\source\\vendor\\laravel\\framework\\src\\Illuminate\\View\\Middleware\\ShareErrorsFromSession.php(49): Illuminate\\Pipeline\\Pipeline->Illuminate\\Pipeline\\{closure}(Object(Illuminate\\Http\\Request))
#20 C:\\xampp\\htdocs\\Cato softwares\\crowd funding\\getfund-5.2\\getfund-5.2\\source\\vendor\\laravel\\framework\\src\\Illuminate\\Pipeline\\Pipeline.php(167): Illuminate\\View\\Middleware\\ShareErrorsFromSession->handle(Object(Illuminate\\Http\\Request), Object(Closure))
#21 C:\\xampp\\htdocs\\Cato softwares\\crowd funding\\getfund-5.2\\getfund-5.2\\source\\vendor\\laravel\\framework\\src\\Illuminate\\Session\\Middleware\\StartSession.php(56): Illuminate\\Pipeline\\Pipeline->Illuminate\\Pipeline\\{closure}(Object(Illuminate\\Http\\Request))
#22 C:\\xampp\\htdocs\\Cato softwares\\crowd funding\\getfund-5.2\\getfund-5.2\\source\\vendor\\laravel\\framework\\src\\Illuminate\\Pipeline\\Pipeline.php(167): Illuminate\\Session\\Middleware\\StartSession->handle(Object(Illuminate\\Http\\Request), Object(Closure))
#23 C:\\xampp\\htdocs\\Cato softwares\\crowd funding\\getfund-5.2\\getfund-5.2\\source\\vendor\\laravel\\framework\\src\\Illuminate\\Cookie\\Middleware\\AddQueuedCookiesToResponse.php(37): Illuminate\\Pipeline\\Pipeline->Illuminate\\Pipeline\\{closure}(Object(Illuminate\\Http\\Request))
#24 C:\\xampp\\htdocs\\Cato softwares\\crowd funding\\getfund-5.2\\getfund-5.2\\source\\vendor\\laravel\\framework\\src\\Illuminate\\Pipeline\\Pipeline.php(167): Illuminate\\Cookie\\Middleware\\AddQueuedCookiesToResponse->handle(Object(Illuminate\\Http\\Request), Object(Closure))
#25 C:\\xampp\\htdocs\\Cato softwares\\crowd funding\\getfund-5.2\\getfund-5.2\\source\\vendor\\laravel\\framework\\src\\Illuminate\\Cookie\\Middleware\\EncryptCookies.php(66): Illuminate\\Pipeline\\Pipeline->Illuminate\\Pipeline\\{closure}(Object(Illuminate\\Http\\Request))
#26 C:\\xampp\\htdocs\\Cato softwares\\crowd funding\\getfund-5.2\\getfund-5.2\\source\\vendor\\laravel\\framework\\src\\Illuminate\\Pipeline\\Pipeline.php(167): Illuminate\\Cookie\\Middleware\\EncryptCookies->handle(Object(Illuminate\\Http\\Request), Object(Closure))
#27 C:\\xampp\\htdocs\\Cato softwares\\crowd funding\\getfund-5.2\\getfund-5.2\\source\\vendor\\laravel\\framework\\src\\Illuminate\\Pipeline\\Pipeline.php(103): Illuminate\\Pipeline\\Pipeline->Illuminate\\Pipeline\\{closure}(Object(Illuminate\\Http\\Request))
#28 C:\\xampp\\htdocs\\Cato softwares\\crowd funding\\getfund-5.2\\getfund-5.2\\source\\vendor\\laravel\\framework\\src\\Illuminate\\Routing\\Router.php(687): Illuminate\\Pipeline\\Pipeline->then(Object(Closure))
#29 C:\\xampp\\htdocs\\Cato softwares\\crowd funding\\getfund-5.2\\getfund-5.2\\source\\vendor\\laravel\\framework\\src\\Illuminate\\Routing\\Router.php(662): Illuminate\\Routing\\Router->runRouteWithinStack(Object(Illuminate\\Routing\\Route), Object(Illuminate\\Http\\Request))
#30 C:\\xampp\\htdocs\\Cato softwares\\crowd funding\\getfund-5.2\\getfund-5.2\\source\\vendor\\laravel\\framework\\src\\Illuminate\\Routing\\Router.php(628): Illuminate\\Routing\\Router->runRoute(Object(Illuminate\\Http\\Request), Object(Illuminate\\Routing\\Route))
#31 C:\\xampp\\htdocs\\Cato softwares\\crowd funding\\getfund-5.2\\getfund-5.2\\source\\vendor\\laravel\\framework\\src\\Illuminate\\Routing\\Router.php(617): Illuminate\\Routing\\Router->dispatchToRoute(Object(Illuminate\\Http\\Request))
#32 C:\\xampp\\htdocs\\Cato softwares\\crowd funding\\getfund-5.2\\getfund-5.2\\source\\vendor\\laravel\\framework\\src\\Illuminate\\Foundation\\Http\\Kernel.php(165): Illuminate\\Routing\\Router->dispatch(Object(Illuminate\\Http\\Request))
#33 C:\\xampp\\htdocs\\Cato softwares\\crowd funding\\getfund-5.2\\getfund-5.2\\source\\vendor\\laravel\\framework\\src\\Illuminate\\Pipeline\\Pipeline.php(128): Illuminate\\Foundation\\Http\\Kernel->Illuminate\\Foundation\\Http\\{closure}(Object(Illuminate\\Http\\Request))
#34 C:\\xampp\\htdocs\\Cato softwares\\crowd funding\\getfund-5.2\\getfund-5.2\\source\\vendor\\barryvdh\\laravel-debugbar\\src\\Middleware\\InjectDebugbar.php(58): Illuminate\\Pipeline\\Pipeline->Illuminate\\Pipeline\\{closure}(Object(Illuminate\\Http\\Request))
#35 C:\\xampp\\htdocs\\Cato softwares\\crowd funding\\getfund-5.2\\getfund-5.2\\source\\vendor\\laravel\\framework\\src\\Illuminate\\Pipeline\\Pipeline.php(167): Barryvdh\\Debugbar\\Middleware\\InjectDebugbar->handle(Object(Illuminate\\Http\\Request), Object(Closure))
#36 C:\\xampp\\htdocs\\Cato softwares\\crowd funding\\getfund-5.2\\getfund-5.2\\source\\vendor\\laravel\\framework\\src\\Illuminate\\Foundation\\Http\\Middleware\\TransformsRequest.php(21): Illuminate\\Pipeline\\Pipeline->Illuminate\\Pipeline\\{closure}(Object(Illuminate\\Http\\Request))
#37 C:\\xampp\\htdocs\\Cato softwares\\crowd funding\\getfund-5.2\\getfund-5.2\\source\\vendor\\laravel\\framework\\src\\Illuminate\\Pipeline\\Pipeline.php(167): Illuminate\\Foundation\\Http\\Middleware\\TransformsRequest->handle(Object(Illuminate\\Http\\Request), Object(Closure))
#38 C:\\xampp\\htdocs\\Cato softwares\\crowd funding\\getfund-5.2\\getfund-5.2\\source\\vendor\\laravel\\framework\\src\\Illuminate\\Foundation\\Http\\Middleware\\TransformsRequest.php(21): Illuminate\\Pipeline\\Pipeline->Illuminate\\Pipeline\\{closure}(Object(Illuminate\\Http\\Request))
#39 C:\\xampp\\htdocs\\Cato softwares\\crowd funding\\getfund-5.2\\getfund-5.2\\source\\vendor\\laravel\\framework\\src\\Illuminate\\Pipeline\\Pipeline.php(167): Illuminate\\Foundation\\Http\\Middleware\\TransformsRequest->handle(Object(Illuminate\\Http\\Request), Object(Closure))
#40 C:\\xampp\\htdocs\\Cato softwares\\crowd funding\\getfund-5.2\\getfund-5.2\\source\\vendor\\laravel\\framework\\src\\Illuminate\\Foundation\\Http\\Middleware\\ValidatePostSize.php(27): Illuminate\\Pipeline\\Pipeline->Illuminate\\Pipeline\\{closure}(Object(Illuminate\\Http\\Request))
#41 C:\\xampp\\htdocs\\Cato softwares\\crowd funding\\getfund-5.2\\getfund-5.2\\source\\vendor\\laravel\\framework\\src\\Illuminate\\Pipeline\\Pipeline.php(167): Illuminate\\Foundation\\Http\\Middleware\\ValidatePostSize->handle(Object(Illuminate\\Http\\Request), Object(Closure))
#42 C:\\xampp\\htdocs\\Cato softwares\\crowd funding\\getfund-5.2\\getfund-5.2\\source\\vendor\\laravel\\framework\\src\\Illuminate\\Foundation\\Http\\Middleware\\CheckForMaintenanceMode.php(63): Illuminate\\Pipeline\\Pipeline->Illuminate\\Pipeline\\{closure}(Object(Illuminate\\Http\\Request))
#43 C:\\xampp\\htdocs\\Cato softwares\\crowd funding\\getfund-5.2\\getfund-5.2\\source\\vendor\\laravel\\framework\\src\\Illuminate\\Pipeline\\Pipeline.php(167): Illuminate\\Foundation\\Http\\Middleware\\CheckForMaintenanceMode->handle(Object(Illuminate\\Http\\Request), Object(Closure))
#44 C:\\xampp\\htdocs\\Cato softwares\\crowd funding\\getfund-5.2\\getfund-5.2\\source\\vendor\\laravel\\framework\\src\\Illuminate\\Pipeline\\Pipeline.php(103): Illuminate\\Pipeline\\Pipeline->Illuminate\\Pipeline\\{closure}(Object(Illuminate\\Http\\Request))
#45 C:\\xampp\\htdocs\\Cato softwares\\crowd funding\\getfund-5.2\\getfund-5.2\\source\\vendor\\laravel\\framework\\src\\Illuminate\\Foundation\\Http\\Kernel.php(140): Illuminate\\Pipeline\\Pipeline->then(Object(Closure))
#46 C:\\xampp\\htdocs\\Cato softwares\\crowd funding\\getfund-5.2\\getfund-5.2\\source\\vendor\\laravel\\framework\\src\\Illuminate\\Foundation\\Http\\Kernel.php(109): Illuminate\\Foundation\\Http\\Kernel->sendRequestThroughRouter(Object(Illuminate\\Http\\Request))
#47 C:\\xampp\\htdocs\\Cato softwares\\crowd funding\\getfund-5.2\\getfund-5.2\\source\\public\\index.php(53): Illuminate\\Foundation\\Http\\Kernel->handle(Object(Illuminate\\Http\\Request))
#48 C:\\xampp\\htdocs\\Cato softwares\\crowd funding\\getfund-5.2\\getfund-5.2\\source\\server.php(21): require_once('C:\\\\xampp\\\\htdocs...')
#49 {main}
"} 
[2022-01-15 09:04:41] local.ERROR: Your card was declined. Your request was in test mode, but used a non test (live) card. For a list of valid test cards, visit: https://stripe.com/docs/testing. {"userId":6,"exception":"[object] (Stripe\\Exception\\CardException(code: 0): Your card was declined. Your request was in test mode, but used a non test (live) card. For a list of valid test cards, visit: https://stripe.com/docs/testing. at C:\\xampp\\htdocs\\Cato softwares\\crowd funding\\getfund-5.2\\getfund-5.2\\source\\vendor\\stripe\\stripe-php\\lib\\Exception\\ApiErrorException.php:38)
[stacktrace]
#0 C:\\xampp\\htdocs\\Cato softwares\\crowd funding\\getfund-5.2\\getfund-5.2\\source\\vendor\\stripe\\stripe-php\\lib\\Exception\\CardException.php(38): Stripe\\Exception\\ApiErrorException::factory('Your card was d...', 402, '{\
  \"error\": {\
...', Array, Object(Stripe\\Util\\CaseInsensitiveArray), 'card_declined')
#1 C:\\xampp\\htdocs\\Cato softwares\\crowd funding\\getfund-5.2\\getfund-5.2\\source\\vendor\\stripe\\stripe-php\\lib\\ApiRequestor.php(191): Stripe\\Exception\\CardException::factory('Your card was d...', 402, '{\
  \"error\": {\
...', Array, Object(Stripe\\Util\\CaseInsensitiveArray), 'card_declined', 'test_mode_live_...', NULL)
#2 C:\\xampp\\htdocs\\Cato softwares\\crowd funding\\getfund-5.2\\getfund-5.2\\source\\vendor\\stripe\\stripe-php\\lib\\ApiRequestor.php(149): Stripe\\ApiRequestor::_specificAPIError('{\
  \"error\": {\
...', 402, Object(Stripe\\Util\\CaseInsensitiveArray), Array, Array)
#3 C:\\xampp\\htdocs\\Cato softwares\\crowd funding\\getfund-5.2\\getfund-5.2\\source\\vendor\\stripe\\stripe-php\\lib\\ApiRequestor.php(438): Stripe\\ApiRequestor->handleErrorResponse('{\
  \"error\": {\
...', 402, Object(Stripe\\Util\\CaseInsensitiveArray), Array)
#4 C:\\xampp\\htdocs\\Cato softwares\\crowd funding\\getfund-5.2\\getfund-5.2\\source\\vendor\\stripe\\stripe-php\\lib\\ApiRequestor.php(118): Stripe\\ApiRequestor->_interpretResponse('{\
  \"error\": {\
...', 402, Object(Stripe\\Util\\CaseInsensitiveArray))
#5 C:\\xampp\\htdocs\\Cato softwares\\crowd funding\\getfund-5.2\\getfund-5.2\\source\\vendor\\stripe\\stripe-php\\lib\\ApiOperations\\Request.php(63): Stripe\\ApiRequestor->request('post', '/v1/charges', Array, Array)
#6 C:\\xampp\\htdocs\\Cato softwares\\crowd funding\\getfund-5.2\\getfund-5.2\\source\\vendor\\stripe\\stripe-php\\lib\\ApiOperations\\Create.php(25): Stripe\\ApiResource::_staticRequest('post', '/v1/charges', Array, NULL)
#7 C:\\xampp\\htdocs\\Cato softwares\\crowd funding\\getfund-5.2\\getfund-5.2\\source\\app\\Http\\Controllers\\CampaignsController.php(627): Stripe\\Charge::create(Array)
#8 [internal function]: App\\Http\\Controllers\\CampaignsController->paymentStripeReceive(Object(Illuminate\\Http\\Request))
#9 C:\\xampp\\htdocs\\Cato softwares\\crowd funding\\getfund-5.2\\getfund-5.2\\source\\vendor\\laravel\\framework\\src\\Illuminate\\Routing\\Controller.php(54): call_user_func_array(Array, Array)
#10 C:\\xampp\\htdocs\\Cato softwares\\crowd funding\\getfund-5.2\\getfund-5.2\\source\\vendor\\laravel\\framework\\src\\Illuminate\\Routing\\ControllerDispatcher.php(45): Illuminate\\Routing\\Controller->callAction('paymentStripeRe...', Array)
#11 C:\\xampp\\htdocs\\Cato softwares\\crowd funding\\getfund-5.2\\getfund-5.2\\source\\vendor\\laravel\\framework\\src\\Illuminate\\Routing\\Route.php(225): Illuminate\\Routing\\ControllerDispatcher->dispatch(Object(Illuminate\\Routing\\Route), Object(App\\Http\\Controllers\\CampaignsController), 'paymentStripeRe...')
#12 C:\\xampp\\htdocs\\Cato softwares\\crowd funding\\getfund-5.2\\getfund-5.2\\source\\vendor\\laravel\\framework\\src\\Illuminate\\Routing\\Route.php(182): Illuminate\\Routing\\Route->runController()
#13 C:\\xampp\\htdocs\\Cato softwares\\crowd funding\\getfund-5.2\\getfund-5.2\\source\\vendor\\laravel\\framework\\src\\Illuminate\\Routing\\Router.php(685): Illuminate\\Routing\\Route->run()
#14 C:\\xampp\\htdocs\\Cato softwares\\crowd funding\\getfund-5.2\\getfund-5.2\\source\\vendor\\laravel\\framework\\src\\Illuminate\\Pipeline\\Pipeline.php(128): Illuminate\\Routing\\Router->Illuminate\\Routing\\{closure}(Object(Illuminate\\Http\\Request))
#15 C:\\xampp\\htdocs\\Cato softwares\\crowd funding\\getfund-5.2\\getfund-5.2\\source\\vendor\\laravel\\framework\\src\\Illuminate\\Routing\\Middleware\\SubstituteBindings.php(41): Illuminate\\Pipeline\\Pipeline->Illuminate\\Pipeline\\{closure}(Object(Illuminate\\Http\\Request))
#16 C:\\xampp\\htdocs\\Cato softwares\\crowd funding\\getfund-5.2\\getfund-5.2\\source\\vendor\\laravel\\framework\\src\\Illuminate\\Pipeline\\Pipeline.php(167): Illuminate\\Routing\\Middleware\\SubstituteBindings->handle(Object(Illuminate\\Http\\Request), Object(Closure))
#17 C:\\xampp\\htdocs\\Cato softwares\\crowd funding\\getfund-5.2\\getfund-5.2\\source\\vendor\\laravel\\framework\\src\\Illuminate\\Foundation\\Http\\Middleware\\VerifyCsrfToken.php(76): Illuminate\\Pipeline\\Pipeline->Illuminate\\Pipeline\\{closure}(Object(Illuminate\\Http\\Request))
#18 C:\\xampp\\htdocs\\Cato softwares\\crowd funding\\getfund-5.2\\getfund-5.2\\source\\vendor\\laravel\\framework\\src\\Illuminate\\Pipeline\\Pipeline.php(167): Illuminate\\Foundation\\Http\\Middleware\\VerifyCsrfToken->handle(Object(Illuminate\\Http\\Request), Object(Closure))
#19 C:\\xampp\\htdocs\\Cato softwares\\crowd funding\\getfund-5.2\\getfund-5.2\\source\\vendor\\laravel\\framework\\src\\Illuminate\\View\\Middleware\\ShareErrorsFromSession.php(49): Illuminate\\Pipeline\\Pipeline->Illuminate\\Pipeline\\{closure}(Object(Illuminate\\Http\\Request))
#20 C:\\xampp\\htdocs\\Cato softwares\\crowd funding\\getfund-5.2\\getfund-5.2\\source\\vendor\\laravel\\framework\\src\\Illuminate\\Pipeline\\Pipeline.php(167): Illuminate\\View\\Middleware\\ShareErrorsFromSession->handle(Object(Illuminate\\Http\\Request), Object(Closure))
#21 C:\\xampp\\htdocs\\Cato softwares\\crowd funding\\getfund-5.2\\getfund-5.2\\source\\vendor\\laravel\\framework\\src\\Illuminate\\Session\\Middleware\\StartSession.php(56): Illuminate\\Pipeline\\Pipeline->Illuminate\\Pipeline\\{closure}(Object(Illuminate\\Http\\Request))
#22 C:\\xampp\\htdocs\\Cato softwares\\crowd funding\\getfund-5.2\\getfund-5.2\\source\\vendor\\laravel\\framework\\src\\Illuminate\\Pipeline\\Pipeline.php(167): Illuminate\\Session\\Middleware\\StartSession->handle(Object(Illuminate\\Http\\Request), Object(Closure))
#23 C:\\xampp\\htdocs\\Cato softwares\\crowd funding\\getfund-5.2\\getfund-5.2\\source\\vendor\\laravel\\framework\\src\\Illuminate\\Cookie\\Middleware\\AddQueuedCookiesToResponse.php(37): Illuminate\\Pipeline\\Pipeline->Illuminate\\Pipeline\\{closure}(Object(Illuminate\\Http\\Request))
#24 C:\\xampp\\htdocs\\Cato softwares\\crowd funding\\getfund-5.2\\getfund-5.2\\source\\vendor\\laravel\\framework\\src\\Illuminate\\Pipeline\\Pipeline.php(167): Illuminate\\Cookie\\Middleware\\AddQueuedCookiesToResponse->handle(Object(Illuminate\\Http\\Request), Object(Closure))
#25 C:\\xampp\\htdocs\\Cato softwares\\crowd funding\\getfund-5.2\\getfund-5.2\\source\\vendor\\laravel\\framework\\src\\Illuminate\\Cookie\\Middleware\\EncryptCookies.php(66): Illuminate\\Pipeline\\Pipeline->Illuminate\\Pipeline\\{closure}(Object(Illuminate\\Http\\Request))
#26 C:\\xampp\\htdocs\\Cato softwares\\crowd funding\\getfund-5.2\\getfund-5.2\\source\\vendor\\laravel\\framework\\src\\Illuminate\\Pipeline\\Pipeline.php(167): Illuminate\\Cookie\\Middleware\\EncryptCookies->handle(Object(Illuminate\\Http\\Request), Object(Closure))
#27 C:\\xampp\\htdocs\\Cato softwares\\crowd funding\\getfund-5.2\\getfund-5.2\\source\\vendor\\laravel\\framework\\src\\Illuminate\\Pipeline\\Pipeline.php(103): Illuminate\\Pipeline\\Pipeline->Illuminate\\Pipeline\\{closure}(Object(Illuminate\\Http\\Request))
#28 C:\\xampp\\htdocs\\Cato softwares\\crowd funding\\getfund-5.2\\getfund-5.2\\source\\vendor\\laravel\\framework\\src\\Illuminate\\Routing\\Router.php(687): Illuminate\\Pipeline\\Pipeline->then(Object(Closure))
#29 C:\\xampp\\htdocs\\Cato softwares\\crowd funding\\getfund-5.2\\getfund-5.2\\source\\vendor\\laravel\\framework\\src\\Illuminate\\Routing\\Router.php(662): Illuminate\\Routing\\Router->runRouteWithinStack(Object(Illuminate\\Routing\\Route), Object(Illuminate\\Http\\Request))
#30 C:\\xampp\\htdocs\\Cato softwares\\crowd funding\\getfund-5.2\\getfund-5.2\\source\\vendor\\laravel\\framework\\src\\Illuminate\\Routing\\Router.php(628): Illuminate\\Routing\\Router->runRoute(Object(Illuminate\\Http\\Request), Object(Illuminate\\Routing\\Route))
#31 C:\\xampp\\htdocs\\Cato softwares\\crowd funding\\getfund-5.2\\getfund-5.2\\source\\vendor\\laravel\\framework\\src\\Illuminate\\Routing\\Router.php(617): Illuminate\\Routing\\Router->dispatchToRoute(Object(Illuminate\\Http\\Request))
#32 C:\\xampp\\htdocs\\Cato softwares\\crowd funding\\getfund-5.2\\getfund-5.2\\source\\vendor\\laravel\\framework\\src\\Illuminate\\Foundation\\Http\\Kernel.php(165): Illuminate\\Routing\\Router->dispatch(Object(Illuminate\\Http\\Request))
#33 C:\\xampp\\htdocs\\Cato softwares\\crowd funding\\getfund-5.2\\getfund-5.2\\source\\vendor\\laravel\\framework\\src\\Illuminate\\Pipeline\\Pipeline.php(128): Illuminate\\Foundation\\Http\\Kernel->Illuminate\\Foundation\\Http\\{closure}(Object(Illuminate\\Http\\Request))
#34 C:\\xampp\\htdocs\\Cato softwares\\crowd funding\\getfund-5.2\\getfund-5.2\\source\\vendor\\barryvdh\\laravel-debugbar\\src\\Middleware\\InjectDebugbar.php(58): Illuminate\\Pipeline\\Pipeline->Illuminate\\Pipeline\\{closure}(Object(Illuminate\\Http\\Request))
#35 C:\\xampp\\htdocs\\Cato softwares\\crowd funding\\getfund-5.2\\getfund-5.2\\source\\vendor\\laravel\\framework\\src\\Illuminate\\Pipeline\\Pipeline.php(167): Barryvdh\\Debugbar\\Middleware\\InjectDebugbar->handle(Object(Illuminate\\Http\\Request), Object(Closure))
#36 C:\\xampp\\htdocs\\Cato softwares\\crowd funding\\getfund-5.2\\getfund-5.2\\source\\vendor\\laravel\\framework\\src\\Illuminate\\Foundation\\Http\\Middleware\\TransformsRequest.php(21): Illuminate\\Pipeline\\Pipeline->Illuminate\\Pipeline\\{closure}(Object(Illuminate\\Http\\Request))
#37 C:\\xampp\\htdocs\\Cato softwares\\crowd funding\\getfund-5.2\\getfund-5.2\\source\\vendor\\laravel\\framework\\src\\Illuminate\\Pipeline\\Pipeline.php(167): Illuminate\\Foundation\\Http\\Middleware\\TransformsRequest->handle(Object(Illuminate\\Http\\Request), Object(Closure))
#38 C:\\xampp\\htdocs\\Cato softwares\\crowd funding\\getfund-5.2\\getfund-5.2\\source\\vendor\\laravel\\framework\\src\\Illuminate\\Foundation\\Http\\Middleware\\TransformsRequest.php(21): Illuminate\\Pipeline\\Pipeline->Illuminate\\Pipeline\\{closure}(Object(Illuminate\\Http\\Request))
#39 C:\\xampp\\htdocs\\Cato softwares\\crowd funding\\getfund-5.2\\getfund-5.2\\source\\vendor\\laravel\\framework\\src\\Illuminate\\Pipeline\\Pipeline.php(167): Illuminate\\Foundation\\Http\\Middleware\\TransformsRequest->handle(Object(Illuminate\\Http\\Request), Object(Closure))
#40 C:\\xampp\\htdocs\\Cato softwares\\crowd funding\\getfund-5.2\\getfund-5.2\\source\\vendor\\laravel\\framework\\src\\Illuminate\\Foundation\\Http\\Middleware\\ValidatePostSize.php(27): Illuminate\\Pipeline\\Pipeline->Illuminate\\Pipeline\\{closure}(Object(Illuminate\\Http\\Request))
#41 C:\\xampp\\htdocs\\Cato softwares\\crowd funding\\getfund-5.2\\getfund-5.2\\source\\vendor\\laravel\\framework\\src\\Illuminate\\Pipeline\\Pipeline.php(167): Illuminate\\Foundation\\Http\\Middleware\\ValidatePostSize->handle(Object(Illuminate\\Http\\Request), Object(Closure))
#42 C:\\xampp\\htdocs\\Cato softwares\\crowd funding\\getfund-5.2\\getfund-5.2\\source\\vendor\\laravel\\framework\\src\\Illuminate\\Foundation\\Http\\Middleware\\CheckForMaintenanceMode.php(63): Illuminate\\Pipeline\\Pipeline->Illuminate\\Pipeline\\{closure}(Object(Illuminate\\Http\\Request))
#43 C:\\xampp\\htdocs\\Cato softwares\\crowd funding\\getfund-5.2\\getfund-5.2\\source\\vendor\\laravel\\framework\\src\\Illuminate\\Pipeline\\Pipeline.php(167): Illuminate\\Foundation\\Http\\Middleware\\CheckForMaintenanceMode->handle(Object(Illuminate\\Http\\Request), Object(Closure))
#44 C:\\xampp\\htdocs\\Cato softwares\\crowd funding\\getfund-5.2\\getfund-5.2\\source\\vendor\\laravel\\framework\\src\\Illuminate\\Pipeline\\Pipeline.php(103): Illuminate\\Pipeline\\Pipeline->Illuminate\\Pipeline\\{closure}(Object(Illuminate\\Http\\Request))
#45 C:\\xampp\\htdocs\\Cato softwares\\crowd funding\\getfund-5.2\\getfund-5.2\\source\\vendor\\laravel\\framework\\src\\Illuminate\\Foundation\\Http\\Kernel.php(140): Illuminate\\Pipeline\\Pipeline->then(Object(Closure))
#46 C:\\xampp\\htdocs\\Cato softwares\\crowd funding\\getfund-5.2\\getfund-5.2\\source\\vendor\\laravel\\framework\\src\\Illuminate\\Foundation\\Http\\Kernel.php(109): Illuminate\\Foundation\\Http\\Kernel->sendRequestThroughRouter(Object(Illuminate\\Http\\Request))
#47 C:\\xampp\\htdocs\\Cato softwares\\crowd funding\\getfund-5.2\\getfund-5.2\\source\\public\\index.php(53): Illuminate\\Foundation\\Http\\Kernel->handle(Object(Illuminate\\Http\\Request))
#48 C:\\xampp\\htdocs\\Cato softwares\\crowd funding\\getfund-5.2\\getfund-5.2\\source\\server.php(21): require_once('C:\\\\xampp\\\\htdocs...')
#49 {main}
"} 
[2022-01-15 09:09:10] local.ERROR: Your card was declined. Your request was in test mode, but used a non test (live) card. For a list of valid test cards, visit: https://stripe.com/docs/testing. {"exception":"[object] (Stripe\\Exception\\CardException(code: 0): Your card was declined. Your request was in test mode, but used a non test (live) card. For a list of valid test cards, visit: https://stripe.com/docs/testing. at C:\\xampp\\htdocs\\Cato softwares\\crowd funding\\getfund-5.2\\getfund-5.2\\source\\vendor\\stripe\\stripe-php\\lib\\Exception\\ApiErrorException.php:38)
[stacktrace]
#0 C:\\xampp\\htdocs\\Cato softwares\\crowd funding\\getfund-5.2\\getfund-5.2\\source\\vendor\\stripe\\stripe-php\\lib\\Exception\\CardException.php(38): Stripe\\Exception\\ApiErrorException::factory('Your card was d...', 402, '{\
  \"error\": {\
...', Array, Object(Stripe\\Util\\CaseInsensitiveArray), 'card_declined')
#1 C:\\xampp\\htdocs\\Cato softwares\\crowd funding\\getfund-5.2\\getfund-5.2\\source\\vendor\\stripe\\stripe-php\\lib\\ApiRequestor.php(191): Stripe\\Exception\\CardException::factory('Your card was d...', 402, '{\
  \"error\": {\
...', Array, Object(Stripe\\Util\\CaseInsensitiveArray), 'card_declined', 'test_mode_live_...', NULL)
#2 C:\\xampp\\htdocs\\Cato softwares\\crowd funding\\getfund-5.2\\getfund-5.2\\source\\vendor\\stripe\\stripe-php\\lib\\ApiRequestor.php(149): Stripe\\ApiRequestor::_specificAPIError('{\
  \"error\": {\
...', 402, Object(Stripe\\Util\\CaseInsensitiveArray), Array, Array)
#3 C:\\xampp\\htdocs\\Cato softwares\\crowd funding\\getfund-5.2\\getfund-5.2\\source\\vendor\\stripe\\stripe-php\\lib\\ApiRequestor.php(438): Stripe\\ApiRequestor->handleErrorResponse('{\
  \"error\": {\
...', 402, Object(Stripe\\Util\\CaseInsensitiveArray), Array)
#4 C:\\xampp\\htdocs\\Cato softwares\\crowd funding\\getfund-5.2\\getfund-5.2\\source\\vendor\\stripe\\stripe-php\\lib\\ApiRequestor.php(118): Stripe\\ApiRequestor->_interpretResponse('{\
  \"error\": {\
...', 402, Object(Stripe\\Util\\CaseInsensitiveArray))
#5 C:\\xampp\\htdocs\\Cato softwares\\crowd funding\\getfund-5.2\\getfund-5.2\\source\\vendor\\stripe\\stripe-php\\lib\\ApiOperations\\Request.php(63): Stripe\\ApiRequestor->request('post', '/v1/charges', Array, Array)
#6 C:\\xampp\\htdocs\\Cato softwares\\crowd funding\\getfund-5.2\\getfund-5.2\\source\\vendor\\stripe\\stripe-php\\lib\\ApiOperations\\Create.php(25): Stripe\\ApiResource::_staticRequest('post', '/v1/charges', Array, NULL)
#7 C:\\xampp\\htdocs\\Cato softwares\\crowd funding\\getfund-5.2\\getfund-5.2\\source\\app\\Http\\Controllers\\CampaignsController.php(627): Stripe\\Charge::create(Array)
#8 [internal function]: App\\Http\\Controllers\\CampaignsController->paymentStripeReceive(Object(Illuminate\\Http\\Request))
#9 C:\\xampp\\htdocs\\Cato softwares\\crowd funding\\getfund-5.2\\getfund-5.2\\source\\vendor\\laravel\\framework\\src\\Illuminate\\Routing\\Controller.php(54): call_user_func_array(Array, Array)
#10 C:\\xampp\\htdocs\\Cato softwares\\crowd funding\\getfund-5.2\\getfund-5.2\\source\\vendor\\laravel\\framework\\src\\Illuminate\\Routing\\ControllerDispatcher.php(45): Illuminate\\Routing\\Controller->callAction('paymentStripeRe...', Array)
#11 C:\\xampp\\htdocs\\Cato softwares\\crowd funding\\getfund-5.2\\getfund-5.2\\source\\vendor\\laravel\\framework\\src\\Illuminate\\Routing\\Route.php(225): Illuminate\\Routing\\ControllerDispatcher->dispatch(Object(Illuminate\\Routing\\Route), Object(App\\Http\\Controllers\\CampaignsController), 'paymentStripeRe...')
#12 C:\\xampp\\htdocs\\Cato softwares\\crowd funding\\getfund-5.2\\getfund-5.2\\source\\vendor\\laravel\\framework\\src\\Illuminate\\Routing\\Route.php(182): Illuminate\\Routing\\Route->runController()
#13 C:\\xampp\\htdocs\\Cato softwares\\crowd funding\\getfund-5.2\\getfund-5.2\\source\\vendor\\laravel\\framework\\src\\Illuminate\\Routing\\Router.php(685): Illuminate\\Routing\\Route->run()
#14 C:\\xampp\\htdocs\\Cato softwares\\crowd funding\\getfund-5.2\\getfund-5.2\\source\\vendor\\laravel\\framework\\src\\Illuminate\\Pipeline\\Pipeline.php(128): Illuminate\\Routing\\Router->Illuminate\\Routing\\{closure}(Object(Illuminate\\Http\\Request))
#15 C:\\xampp\\htdocs\\Cato softwares\\crowd funding\\getfund-5.2\\getfund-5.2\\source\\vendor\\laravel\\framework\\src\\Illuminate\\Routing\\Middleware\\SubstituteBindings.php(41): Illuminate\\Pipeline\\Pipeline->Illuminate\\Pipeline\\{closure}(Object(Illuminate\\Http\\Request))
#16 C:\\xampp\\htdocs\\Cato softwares\\crowd funding\\getfund-5.2\\getfund-5.2\\source\\vendor\\laravel\\framework\\src\\Illuminate\\Pipeline\\Pipeline.php(167): Illuminate\\Routing\\Middleware\\SubstituteBindings->handle(Object(Illuminate\\Http\\Request), Object(Closure))
#17 C:\\xampp\\htdocs\\Cato softwares\\crowd funding\\getfund-5.2\\getfund-5.2\\source\\vendor\\laravel\\framework\\src\\Illuminate\\Foundation\\Http\\Middleware\\VerifyCsrfToken.php(76): Illuminate\\Pipeline\\Pipeline->Illuminate\\Pipeline\\{closure}(Object(Illuminate\\Http\\Request))
#18 C:\\xampp\\htdocs\\Cato softwares\\crowd funding\\getfund-5.2\\getfund-5.2\\source\\vendor\\laravel\\framework\\src\\Illuminate\\Pipeline\\Pipeline.php(167): Illuminate\\Foundation\\Http\\Middleware\\VerifyCsrfToken->handle(Object(Illuminate\\Http\\Request), Object(Closure))
#19 C:\\xampp\\htdocs\\Cato softwares\\crowd funding\\getfund-5.2\\getfund-5.2\\source\\vendor\\laravel\\framework\\src\\Illuminate\\View\\Middleware\\ShareErrorsFromSession.php(49): Illuminate\\Pipeline\\Pipeline->Illuminate\\Pipeline\\{closure}(Object(Illuminate\\Http\\Request))
#20 C:\\xampp\\htdocs\\Cato softwares\\crowd funding\\getfund-5.2\\getfund-5.2\\source\\vendor\\laravel\\framework\\src\\Illuminate\\Pipeline\\Pipeline.php(167): Illuminate\\View\\Middleware\\ShareErrorsFromSession->handle(Object(Illuminate\\Http\\Request), Object(Closure))
#21 C:\\xampp\\htdocs\\Cato softwares\\crowd funding\\getfund-5.2\\getfund-5.2\\source\\vendor\\laravel\\framework\\src\\Illuminate\\Session\\Middleware\\StartSession.php(56): Illuminate\\Pipeline\\Pipeline->Illuminate\\Pipeline\\{closure}(Object(Illuminate\\Http\\Request))
#22 C:\\xampp\\htdocs\\Cato softwares\\crowd funding\\getfund-5.2\\getfund-5.2\\source\\vendor\\laravel\\framework\\src\\Illuminate\\Pipeline\\Pipeline.php(167): Illuminate\\Session\\Middleware\\StartSession->handle(Object(Illuminate\\Http\\Request), Object(Closure))
#23 C:\\xampp\\htdocs\\Cato softwares\\crowd funding\\getfund-5.2\\getfund-5.2\\source\\vendor\\laravel\\framework\\src\\Illuminate\\Cookie\\Middleware\\AddQueuedCookiesToResponse.php(37): Illuminate\\Pipeline\\Pipeline->Illuminate\\Pipeline\\{closure}(Object(Illuminate\\Http\\Request))
#24 C:\\xampp\\htdocs\\Cato softwares\\crowd funding\\getfund-5.2\\getfund-5.2\\source\\vendor\\laravel\\framework\\src\\Illuminate\\Pipeline\\Pipeline.php(167): Illuminate\\Cookie\\Middleware\\AddQueuedCookiesToResponse->handle(Object(Illuminate\\Http\\Request), Object(Closure))
#25 C:\\xampp\\htdocs\\Cato softwares\\crowd funding\\getfund-5.2\\getfund-5.2\\source\\vendor\\laravel\\framework\\src\\Illuminate\\Cookie\\Middleware\\EncryptCookies.php(66): Illuminate\\Pipeline\\Pipeline->Illuminate\\Pipeline\\{closure}(Object(Illuminate\\Http\\Request))
#26 C:\\xampp\\htdocs\\Cato softwares\\crowd funding\\getfund-5.2\\getfund-5.2\\source\\vendor\\laravel\\framework\\src\\Illuminate\\Pipeline\\Pipeline.php(167): Illuminate\\Cookie\\Middleware\\EncryptCookies->handle(Object(Illuminate\\Http\\Request), Object(Closure))
#27 C:\\xampp\\htdocs\\Cato softwares\\crowd funding\\getfund-5.2\\getfund-5.2\\source\\vendor\\laravel\\framework\\src\\Illuminate\\Pipeline\\Pipeline.php(103): Illuminate\\Pipeline\\Pipeline->Illuminate\\Pipeline\\{closure}(Object(Illuminate\\Http\\Request))
#28 C:\\xampp\\htdocs\\Cato softwares\\crowd funding\\getfund-5.2\\getfund-5.2\\source\\vendor\\laravel\\framework\\src\\Illuminate\\Routing\\Router.php(687): Illuminate\\Pipeline\\Pipeline->then(Object(Closure))
#29 C:\\xampp\\htdocs\\Cato softwares\\crowd funding\\getfund-5.2\\getfund-5.2\\source\\vendor\\laravel\\framework\\src\\Illuminate\\Routing\\Router.php(662): Illuminate\\Routing\\Router->runRouteWithinStack(Object(Illuminate\\Routing\\Route), Object(Illuminate\\Http\\Request))
#30 C:\\xampp\\htdocs\\Cato softwares\\crowd funding\\getfund-5.2\\getfund-5.2\\source\\vendor\\laravel\\framework\\src\\Illuminate\\Routing\\Router.php(628): Illuminate\\Routing\\Router->runRoute(Object(Illuminate\\Http\\Request), Object(Illuminate\\Routing\\Route))
#31 C:\\xampp\\htdocs\\Cato softwares\\crowd funding\\getfund-5.2\\getfund-5.2\\source\\vendor\\laravel\\framework\\src\\Illuminate\\Routing\\Router.php(617): Illuminate\\Routing\\Router->dispatchToRoute(Object(Illuminate\\Http\\Request))
#32 C:\\xampp\\htdocs\\Cato softwares\\crowd funding\\getfund-5.2\\getfund-5.2\\source\\vendor\\laravel\\framework\\src\\Illuminate\\Foundation\\Http\\Kernel.php(165): Illuminate\\Routing\\Router->dispatch(Object(Illuminate\\Http\\Request))
#33 C:\\xampp\\htdocs\\Cato softwares\\crowd funding\\getfund-5.2\\getfund-5.2\\source\\vendor\\laravel\\framework\\src\\Illuminate\\Pipeline\\Pipeline.php(128): Illuminate\\Foundation\\Http\\Kernel->Illuminate\\Foundation\\Http\\{closure}(Object(Illuminate\\Http\\Request))
#34 C:\\xampp\\htdocs\\Cato softwares\\crowd funding\\getfund-5.2\\getfund-5.2\\source\\vendor\\barryvdh\\laravel-debugbar\\src\\Middleware\\InjectDebugbar.php(58): Illuminate\\Pipeline\\Pipeline->Illuminate\\Pipeline\\{closure}(Object(Illuminate\\Http\\Request))
#35 C:\\xampp\\htdocs\\Cato softwares\\crowd funding\\getfund-5.2\\getfund-5.2\\source\\vendor\\laravel\\framework\\src\\Illuminate\\Pipeline\\Pipeline.php(167): Barryvdh\\Debugbar\\Middleware\\InjectDebugbar->handle(Object(Illuminate\\Http\\Request), Object(Closure))
#36 C:\\xampp\\htdocs\\Cato softwares\\crowd funding\\getfund-5.2\\getfund-5.2\\source\\vendor\\laravel\\framework\\src\\Illuminate\\Foundation\\Http\\Middleware\\TransformsRequest.php(21): Illuminate\\Pipeline\\Pipeline->Illuminate\\Pipeline\\{closure}(Object(Illuminate\\Http\\Request))
#37 C:\\xampp\\htdocs\\Cato softwares\\crowd funding\\getfund-5.2\\getfund-5.2\\source\\vendor\\laravel\\framework\\src\\Illuminate\\Pipeline\\Pipeline.php(167): Illuminate\\Foundation\\Http\\Middleware\\TransformsRequest->handle(Object(Illuminate\\Http\\Request), Object(Closure))
#38 C:\\xampp\\htdocs\\Cato softwares\\crowd funding\\getfund-5.2\\getfund-5.2\\source\\vendor\\laravel\\framework\\src\\Illuminate\\Foundation\\Http\\Middleware\\TransformsRequest.php(21): Illuminate\\Pipeline\\Pipeline->Illuminate\\Pipeline\\{closure}(Object(Illuminate\\Http\\Request))
#39 C:\\xampp\\htdocs\\Cato softwares\\crowd funding\\getfund-5.2\\getfund-5.2\\source\\vendor\\laravel\\framework\\src\\Illuminate\\Pipeline\\Pipeline.php(167): Illuminate\\Foundation\\Http\\Middleware\\TransformsRequest->handle(Object(Illuminate\\Http\\Request), Object(Closure))
#40 C:\\xampp\\htdocs\\Cato softwares\\crowd funding\\getfund-5.2\\getfund-5.2\\source\\vendor\\laravel\\framework\\src\\Illuminate\\Foundation\\Http\\Middleware\\ValidatePostSize.php(27): Illuminate\\Pipeline\\Pipeline->Illuminate\\Pipeline\\{closure}(Object(Illuminate\\Http\\Request))
#41 C:\\xampp\\htdocs\\Cato softwares\\crowd funding\\getfund-5.2\\getfund-5.2\\source\\vendor\\laravel\\framework\\src\\Illuminate\\Pipeline\\Pipeline.php(167): Illuminate\\Foundation\\Http\\Middleware\\ValidatePostSize->handle(Object(Illuminate\\Http\\Request), Object(Closure))
#42 C:\\xampp\\htdocs\\Cato softwares\\crowd funding\\getfund-5.2\\getfund-5.2\\source\\vendor\\laravel\\framework\\src\\Illuminate\\Foundation\\Http\\Middleware\\CheckForMaintenanceMode.php(63): Illuminate\\Pipeline\\Pipeline->Illuminate\\Pipeline\\{closure}(Object(Illuminate\\Http\\Request))
#43 C:\\xampp\\htdocs\\Cato softwares\\crowd funding\\getfund-5.2\\getfund-5.2\\source\\vendor\\laravel\\framework\\src\\Illuminate\\Pipeline\\Pipeline.php(167): Illuminate\\Foundation\\Http\\Middleware\\CheckForMaintenanceMode->handle(Object(Illuminate\\Http\\Request), Object(Closure))
#44 C:\\xampp\\htdocs\\Cato softwares\\crowd funding\\getfund-5.2\\getfund-5.2\\source\\vendor\\laravel\\framework\\src\\Illuminate\\Pipeline\\Pipeline.php(103): Illuminate\\Pipeline\\Pipeline->Illuminate\\Pipeline\\{closure}(Object(Illuminate\\Http\\Request))
#45 C:\\xampp\\htdocs\\Cato softwares\\crowd funding\\getfund-5.2\\getfund-5.2\\source\\vendor\\laravel\\framework\\src\\Illuminate\\Foundation\\Http\\Kernel.php(140): Illuminate\\Pipeline\\Pipeline->then(Object(Closure))
#46 C:\\xampp\\htdocs\\Cato softwares\\crowd funding\\getfund-5.2\\getfund-5.2\\source\\vendor\\laravel\\framework\\src\\Illuminate\\Foundation\\Http\\Kernel.php(109): Illuminate\\Foundation\\Http\\Kernel->sendRequestThroughRouter(Object(Illuminate\\Http\\Request))
#47 C:\\xampp\\htdocs\\Cato softwares\\crowd funding\\getfund-5.2\\getfund-5.2\\source\\public\\index.php(53): Illuminate\\Foundation\\Http\\Kernel->handle(Object(Illuminate\\Http\\Request))
#48 C:\\xampp\\htdocs\\Cato softwares\\crowd funding\\getfund-5.2\\getfund-5.2\\source\\server.php(21): require_once('C:\\\\xampp\\\\htdocs...')
#49 {main}
"} 
