[2022-01-27 03:30:37] local.ERROR: syntax error, unexpected 'public' (T_PUBLIC) {"exception":"[object] (ParseError(code: 0): syntax error, unexpected 'public' (T_PUBLIC) at C:\\xampp\\htdocs\\Cato jobs\\hackathons\\code-ision\\getfund-5.2\\getfund-5.2\\source\\app\\Http\\Controllers\\CampaignsController.php:768)
[stacktrace]
#0 C:\\xampp\\htdocs\\Cato jobs\\hackathons\\code-ision\\getfund-5.2\\getfund-5.2\\source\\vendor\\composer\\ClassLoader.php(428): Composer\\Autoload\\includeFile('C:\\\\xampp\\\\htdocs...')
#1 [internal function]: Composer\\Autoload\\ClassLoader->loadClass('App\\\\Http\\\\Contro...')
#2 [internal function]: spl_autoload_call('App\\\\Http\\\\Contro...')
#3 C:\\xampp\\htdocs\\Cato jobs\\hackathons\\code-ision\\getfund-5.2\\getfund-5.2\\source\\vendor\\laravel\\framework\\src\\Illuminate\\Container\\Container.php(809): ReflectionClass->__construct('App\\\\Http\\\\Contro...')
#4 C:\\xampp\\htdocs\\Cato jobs\\hackathons\\code-ision\\getfund-5.2\\getfund-5.2\\source\\vendor\\laravel\\framework\\src\\Illuminate\\Container\\Container.php(691): Illuminate\\Container\\Container->build('App\\\\Http\\\\Contro...')
#5 C:\\xampp\\htdocs\\Cato jobs\\hackathons\\code-ision\\getfund-5.2\\getfund-5.2\\source\\vendor\\laravel\\framework\\src\\Illuminate\\Foundation\\Application.php(796): Illuminate\\Container\\Container->resolve('App\\\\Http\\\\Contro...', Array, true)
#6 C:\\xampp\\htdocs\\Cato jobs\\hackathons\\code-ision\\getfund-5.2\\getfund-5.2\\source\\vendor\\laravel\\framework\\src\\Illuminate\\Container\\Container.php(637): Illuminate\\Foundation\\Application->resolve('App\\\\Http\\\\Contro...', Array)
#7 C:\\xampp\\htdocs\\Cato jobs\\hackathons\\code-ision\\getfund-5.2\\getfund-5.2\\source\\vendor\\laravel\\framework\\src\\Illuminate\\Foundation\\Application.php(781): Illuminate\\Container\\Container->make('App\\\\Http\\\\Contro...', Array)
#8 C:\\xampp\\htdocs\\Cato jobs\\hackathons\\code-ision\\getfund-5.2\\getfund-5.2\\source\\vendor\\laravel\\framework\\src\\Illuminate\\Routing\\Route.php(253): Illuminate\\Foundation\\Application->make('App\\\\Http\\\\Contro...')
#9 C:\\xampp\\htdocs\\Cato jobs\\hackathons\\code-ision\\getfund-5.2\\getfund-5.2\\source\\vendor\\laravel\\framework\\src\\Illuminate\\Routing\\Route.php(970): Illuminate\\Routing\\Route->getController()
#10 C:\\xampp\\htdocs\\Cato jobs\\hackathons\\code-ision\\getfund-5.2\\getfund-5.2\\source\\vendor\\laravel\\framework\\src\\Illuminate\\Routing\\Route.php(931): Illuminate\\Routing\\Route->controllerMiddleware()
#11 C:\\xampp\\htdocs\\Cato jobs\\hackathons\\code-ision\\getfund-5.2\\getfund-5.2\\source\\vendor\\laravel\\framework\\src\\Illuminate\\Routing\\Router.php(702): Illuminate\\Routing\\Route->gatherMiddleware()
#12 C:\\xampp\\htdocs\\Cato jobs\\hackathons\\code-ision\\getfund-5.2\\getfund-5.2\\source\\vendor\\laravel\\framework\\src\\Illuminate\\Routing\\Router.php(678): Illuminate\\Routing\\Router->gatherRouteMiddleware(Object(Illuminate\\Routing\\Route))
#13 C:\\xampp\\htdocs\\Cato jobs\\hackathons\\code-ision\\getfund-5.2\\getfund-5.2\\source\\vendor\\laravel\\framework\\src\\Illuminate\\Routing\\Router.php(662): Illuminate\\Routing\\Router->runRouteWithinStack(Object(Illuminate\\Routing\\Route), Object(Illuminate\\Http\\Request))
#14 C:\\xampp\\htdocs\\Cato jobs\\hackathons\\code-ision\\getfund-5.2\\getfund-5.2\\source\\vendor\\laravel\\framework\\src\\Illuminate\\Routing\\Router.php(628): Illuminate\\Routing\\Router->runRoute(Object(Illuminate\\Http\\Request), Object(Illuminate\\Routing\\Route))
#15 C:\\xampp\\htdocs\\Cato jobs\\hackathons\\code-ision\\getfund-5.2\\getfund-5.2\\source\\vendor\\laravel\\framework\\src\\Illuminate\\Routing\\Router.php(617): Illuminate\\Routing\\Router->dispatchToRoute(Object(Illuminate\\Http\\Request))
#16 C:\\xampp\\htdocs\\Cato jobs\\hackathons\\code-ision\\getfund-5.2\\getfund-5.2\\source\\vendor\\laravel\\framework\\src\\Illuminate\\Foundation\\Http\\Kernel.php(165): Illuminate\\Routing\\Router->dispatch(Object(Illuminate\\Http\\Request))
#17 C:\\xampp\\htdocs\\Cato jobs\\hackathons\\code-ision\\getfund-5.2\\getfund-5.2\\source\\vendor\\laravel\\framework\\src\\Illuminate\\Pipeline\\Pipeline.php(128): Illuminate\\Foundation\\Http\\Kernel->Illuminate\\Foundation\\Http\\{closure}(Object(Illuminate\\Http\\Request))
#18 C:\\xampp\\htdocs\\Cato jobs\\hackathons\\code-ision\\getfund-5.2\\getfund-5.2\\source\\vendor\\barryvdh\\laravel-debugbar\\src\\Middleware\\InjectDebugbar.php(65): Illuminate\\Pipeline\\Pipeline->Illuminate\\Pipeline\\{closure}(Object(Illuminate\\Http\\Request))
#19 C:\\xampp\\htdocs\\Cato jobs\\hackathons\\code-ision\\getfund-5.2\\getfund-5.2\\source\\vendor\\laravel\\framework\\src\\Illuminate\\Pipeline\\Pipeline.php(167): Barryvdh\\Debugbar\\Middleware\\InjectDebugbar->handle(Object(Illuminate\\Http\\Request), Object(Closure))
#20 C:\\xampp\\htdocs\\Cato jobs\\hackathons\\code-ision\\getfund-5.2\\getfund-5.2\\source\\vendor\\laravel\\framework\\src\\Illuminate\\Foundation\\Http\\Middleware\\TransformsRequest.php(21): Illuminate\\Pipeline\\Pipeline->Illuminate\\Pipeline\\{closure}(Object(Illuminate\\Http\\Request))
#21 C:\\xampp\\htdocs\\Cato jobs\\hackathons\\code-ision\\getfund-5.2\\getfund-5.2\\source\\vendor\\laravel\\framework\\src\\Illuminate\\Pipeline\\Pipeline.php(167): Illuminate\\Foundation\\Http\\Middleware\\TransformsRequest->handle(Object(Illuminate\\Http\\Request), Object(Closure))
#22 C:\\xampp\\htdocs\\Cato jobs\\hackathons\\code-ision\\getfund-5.2\\getfund-5.2\\source\\vendor\\laravel\\framework\\src\\Illuminate\\Foundation\\Http\\Middleware\\TransformsRequest.php(21): Illuminate\\Pipeline\\Pipeline->Illuminate\\Pipeline\\{closure}(Object(Illuminate\\Http\\Request))
#23 C:\\xampp\\htdocs\\Cato jobs\\hackathons\\code-ision\\getfund-5.2\\getfund-5.2\\source\\vendor\\laravel\\framework\\src\\Illuminate\\Pipeline\\Pipeline.php(167): Illuminate\\Foundation\\Http\\Middleware\\TransformsRequest->handle(Object(Illuminate\\Http\\Request), Object(Closure))
#24 C:\\xampp\\htdocs\\Cato jobs\\hackathons\\code-ision\\getfund-5.2\\getfund-5.2\\source\\vendor\\laravel\\framework\\src\\Illuminate\\Foundation\\Http\\Middleware\\ValidatePostSize.php(27): Illuminate\\Pipeline\\Pipeline->Illuminate\\Pipeline\\{closure}(Object(Illuminate\\Http\\Request))
#25 C:\\xampp\\htdocs\\Cato jobs\\hackathons\\code-ision\\getfund-5.2\\getfund-5.2\\source\\vendor\\laravel\\framework\\src\\Illuminate\\Pipeline\\Pipeline.php(167): Illuminate\\Foundation\\Http\\Middleware\\ValidatePostSize->handle(Object(Illuminate\\Http\\Request), Object(Closure))
#26 C:\\xampp\\htdocs\\Cato jobs\\hackathons\\code-ision\\getfund-5.2\\getfund-5.2\\source\\vendor\\laravel\\framework\\src\\Illuminate\\Foundation\\Http\\Middleware\\CheckForMaintenanceMode.php(63): Illuminate\\Pipeline\\Pipeline->Illuminate\\Pipeline\\{closure}(Object(Illuminate\\Http\\Request))
#27 C:\\xampp\\htdocs\\Cato jobs\\hackathons\\code-ision\\getfund-5.2\\getfund-5.2\\source\\vendor\\laravel\\framework\\src\\Illuminate\\Pipeline\\Pipeline.php(167): Illuminate\\Foundation\\Http\\Middleware\\CheckForMaintenanceMode->handle(Object(Illuminate\\Http\\Request), Object(Closure))
#28 C:\\xampp\\htdocs\\Cato jobs\\hackathons\\code-ision\\getfund-5.2\\getfund-5.2\\source\\vendor\\laravel\\framework\\src\\Illuminate\\Pipeline\\Pipeline.php(103): Illuminate\\Pipeline\\Pipeline->Illuminate\\Pipeline\\{closure}(Object(Illuminate\\Http\\Request))
#29 C:\\xampp\\htdocs\\Cato jobs\\hackathons\\code-ision\\getfund-5.2\\getfund-5.2\\source\\vendor\\laravel\\framework\\src\\Illuminate\\Foundation\\Http\\Kernel.php(140): Illuminate\\Pipeline\\Pipeline->then(Object(Closure))
#30 C:\\xampp\\htdocs\\Cato jobs\\hackathons\\code-ision\\getfund-5.2\\getfund-5.2\\source\\vendor\\laravel\\framework\\src\\Illuminate\\Foundation\\Http\\Kernel.php(109): Illuminate\\Foundation\\Http\\Kernel->sendRequestThroughRouter(Object(Illuminate\\Http\\Request))
#31 C:\\xampp\\htdocs\\Cato jobs\\hackathons\\code-ision\\getfund-5.2\\getfund-5.2\\source\\public\\index.php(53): Illuminate\\Foundation\\Http\\Kernel->handle(Object(Illuminate\\Http\\Request))
#32 C:\\xampp\\htdocs\\Cato jobs\\hackathons\\code-ision\\getfund-5.2\\getfund-5.2\\source\\server.php(21): require_once('C:\\\\xampp\\\\htdocs...')
#33 {main}
"} 
[2022-01-27 03:30:37] local.ERROR: syntax error, unexpected 'public' (T_PUBLIC) {"exception":"[object] (ParseError(code: 0): syntax error, unexpected 'public' (T_PUBLIC) at C:\\xampp\\htdocs\\Cato jobs\\hackathons\\code-ision\\getfund-5.2\\getfund-5.2\\source\\app\\Http\\Controllers\\CampaignsController.php:768)
[stacktrace]
#0 C:\\xampp\\htdocs\\Cato jobs\\hackathons\\code-ision\\getfund-5.2\\getfund-5.2\\source\\vendor\\composer\\ClassLoader.php(428): Composer\\Autoload\\includeFile('C:\\\\xampp\\\\htdocs...')
#1 [internal function]: Composer\\Autoload\\ClassLoader->loadClass('App\\\\Http\\\\Contro...')
#2 [internal function]: spl_autoload_call('App\\\\Http\\\\Contro...')
#3 C:\\xampp\\htdocs\\Cato jobs\\hackathons\\code-ision\\getfund-5.2\\getfund-5.2\\source\\vendor\\barryvdh\\laravel-debugbar\\src\\DataCollector\\RouteCollector.php(63): class_exists('App\\\\Http\\\\Contro...')
#4 C:\\xampp\\htdocs\\Cato jobs\\hackathons\\code-ision\\getfund-5.2\\getfund-5.2\\source\\vendor\\barryvdh\\laravel-debugbar\\src\\DataCollector\\RouteCollector.php(37): Barryvdh\\Debugbar\\DataCollector\\RouteCollector->getRouteInformation(Object(Illuminate\\Routing\\Route))
#5 C:\\xampp\\htdocs\\Cato jobs\\hackathons\\code-ision\\getfund-5.2\\getfund-5.2\\source\\vendor\\barryvdh\\laravel-debugbar\\src\\LaravelDebugbar.php(827): Barryvdh\\Debugbar\\DataCollector\\RouteCollector->collect()
#6 C:\\xampp\\htdocs\\Cato jobs\\hackathons\\code-ision\\getfund-5.2\\getfund-5.2\\source\\vendor\\maximebf\\debugbar\\src\\DebugBar\\DebugBar.php(265): Barryvdh\\Debugbar\\LaravelDebugbar->collect()
#7 C:\\xampp\\htdocs\\Cato jobs\\hackathons\\code-ision\\getfund-5.2\\getfund-5.2\\source\\vendor\\maximebf\\debugbar\\src\\DebugBar\\JavascriptRenderer.php(1043): DebugBar\\DebugBar->getData()
#8 C:\\xampp\\htdocs\\Cato jobs\\hackathons\\code-ision\\getfund-5.2\\getfund-5.2\\source\\vendor\\barryvdh\\laravel-debugbar\\src\\LaravelDebugbar.php(863): DebugBar\\JavascriptRenderer->render()
#9 C:\\xampp\\htdocs\\Cato jobs\\hackathons\\code-ision\\getfund-5.2\\getfund-5.2\\source\\vendor\\barryvdh\\laravel-debugbar\\src\\LaravelDebugbar.php(748): Barryvdh\\Debugbar\\LaravelDebugbar->injectDebugbar(Object(Illuminate\\Http\\Response))
#10 C:\\xampp\\htdocs\\Cato jobs\\hackathons\\code-ision\\getfund-5.2\\getfund-5.2\\source\\vendor\\barryvdh\\laravel-debugbar\\src\\Middleware\\InjectDebugbar.php(74): Barryvdh\\Debugbar\\LaravelDebugbar->modifyResponse(Object(Illuminate\\Http\\Request), Object(Illuminate\\Http\\Response))
#11 C:\\xampp\\htdocs\\Cato jobs\\hackathons\\code-ision\\getfund-5.2\\getfund-5.2\\source\\vendor\\laravel\\framework\\src\\Illuminate\\Pipeline\\Pipeline.php(167): Barryvdh\\Debugbar\\Middleware\\InjectDebugbar->handle(Object(Illuminate\\Http\\Request), Object(Closure))
#12 C:\\xampp\\htdocs\\Cato jobs\\hackathons\\code-ision\\getfund-5.2\\getfund-5.2\\source\\vendor\\laravel\\framework\\src\\Illuminate\\Foundation\\Http\\Middleware\\TransformsRequest.php(21): Illuminate\\Pipeline\\Pipeline->Illuminate\\Pipeline\\{closure}(Object(Illuminate\\Http\\Request))
#13 C:\\xampp\\htdocs\\Cato jobs\\hackathons\\code-ision\\getfund-5.2\\getfund-5.2\\source\\vendor\\laravel\\framework\\src\\Illuminate\\Pipeline\\Pipeline.php(167): Illuminate\\Foundation\\Http\\Middleware\\TransformsRequest->handle(Object(Illuminate\\Http\\Request), Object(Closure))
#14 C:\\xampp\\htdocs\\Cato jobs\\hackathons\\code-ision\\getfund-5.2\\getfund-5.2\\source\\vendor\\laravel\\framework\\src\\Illuminate\\Foundation\\Http\\Middleware\\TransformsRequest.php(21): Illuminate\\Pipeline\\Pipeline->Illuminate\\Pipeline\\{closure}(Object(Illuminate\\Http\\Request))
#15 C:\\xampp\\htdocs\\Cato jobs\\hackathons\\code-ision\\getfund-5.2\\getfund-5.2\\source\\vendor\\laravel\\framework\\src\\Illuminate\\Pipeline\\Pipeline.php(167): Illuminate\\Foundation\\Http\\Middleware\\TransformsRequest->handle(Object(Illuminate\\Http\\Request), Object(Closure))
#16 C:\\xampp\\htdocs\\Cato jobs\\hackathons\\code-ision\\getfund-5.2\\getfund-5.2\\source\\vendor\\laravel\\framework\\src\\Illuminate\\Foundation\\Http\\Middleware\\ValidatePostSize.php(27): Illuminate\\Pipeline\\Pipeline->Illuminate\\Pipeline\\{closure}(Object(Illuminate\\Http\\Request))
#17 C:\\xampp\\htdocs\\Cato jobs\\hackathons\\code-ision\\getfund-5.2\\getfund-5.2\\source\\vendor\\laravel\\framework\\src\\Illuminate\\Pipeline\\Pipeline.php(167): Illuminate\\Foundation\\Http\\Middleware\\ValidatePostSize->handle(Object(Illuminate\\Http\\Request), Object(Closure))
#18 C:\\xampp\\htdocs\\Cato jobs\\hackathons\\code-ision\\getfund-5.2\\getfund-5.2\\source\\vendor\\laravel\\framework\\src\\Illuminate\\Foundation\\Http\\Middleware\\CheckForMaintenanceMode.php(63): Illuminate\\Pipeline\\Pipeline->Illuminate\\Pipeline\\{closure}(Object(Illuminate\\Http\\Request))
#19 C:\\xampp\\htdocs\\Cato jobs\\hackathons\\code-ision\\getfund-5.2\\getfund-5.2\\source\\vendor\\laravel\\framework\\src\\Illuminate\\Pipeline\\Pipeline.php(167): Illuminate\\Foundation\\Http\\Middleware\\CheckForMaintenanceMode->handle(Object(Illuminate\\Http\\Request), Object(Closure))
#20 C:\\xampp\\htdocs\\Cato jobs\\hackathons\\code-ision\\getfund-5.2\\getfund-5.2\\source\\vendor\\laravel\\framework\\src\\Illuminate\\Pipeline\\Pipeline.php(103): Illuminate\\Pipeline\\Pipeline->Illuminate\\Pipeline\\{closure}(Object(Illuminate\\Http\\Request))
#21 C:\\xampp\\htdocs\\Cato jobs\\hackathons\\code-ision\\getfund-5.2\\getfund-5.2\\source\\vendor\\laravel\\framework\\src\\Illuminate\\Foundation\\Http\\Kernel.php(140): Illuminate\\Pipeline\\Pipeline->then(Object(Closure))
#22 C:\\xampp\\htdocs\\Cato jobs\\hackathons\\code-ision\\getfund-5.2\\getfund-5.2\\source\\vendor\\laravel\\framework\\src\\Illuminate\\Foundation\\Http\\Kernel.php(109): Illuminate\\Foundation\\Http\\Kernel->sendRequestThroughRouter(Object(Illuminate\\Http\\Request))
#23 C:\\xampp\\htdocs\\Cato jobs\\hackathons\\code-ision\\getfund-5.2\\getfund-5.2\\source\\public\\index.php(53): Illuminate\\Foundation\\Http\\Kernel->handle(Object(Illuminate\\Http\\Request))
#24 C:\\xampp\\htdocs\\Cato jobs\\hackathons\\code-ision\\getfund-5.2\\getfund-5.2\\source\\server.php(21): require_once('C:\\\\xampp\\\\htdocs...')
#25 {main}
"} 
[2022-01-27 03:43:16] local.ERROR: syntax error, unexpected 'public' (T_PUBLIC) {"exception":"[object] (ParseError(code: 0): syntax error, unexpected 'public' (T_PUBLIC) at C:\\xampp\\htdocs\\Cato jobs\\hackathons\\code-ision\\getfund-5.2\\getfund-5.2\\source\\app\\Http\\Controllers\\CampaignsController.php:768)
[stacktrace]
#0 C:\\xampp\\htdocs\\Cato jobs\\hackathons\\code-ision\\getfund-5.2\\getfund-5.2\\source\\vendor\\composer\\ClassLoader.php(428): Composer\\Autoload\\includeFile('C:\\\\xampp\\\\htdocs...')
#1 [internal function]: Composer\\Autoload\\ClassLoader->loadClass('App\\\\Http\\\\Contro...')
#2 [internal function]: spl_autoload_call('App\\\\Http\\\\Contro...')
#3 C:\\xampp\\htdocs\\Cato jobs\\hackathons\\code-ision\\getfund-5.2\\getfund-5.2\\source\\vendor\\laravel\\framework\\src\\Illuminate\\Container\\Container.php(809): ReflectionClass->__construct('App\\\\Http\\\\Contro...')
#4 C:\\xampp\\htdocs\\Cato jobs\\hackathons\\code-ision\\getfund-5.2\\getfund-5.2\\source\\vendor\\laravel\\framework\\src\\Illuminate\\Container\\Container.php(691): Illuminate\\Container\\Container->build('App\\\\Http\\\\Contro...')
#5 C:\\xampp\\htdocs\\Cato jobs\\hackathons\\code-ision\\getfund-5.2\\getfund-5.2\\source\\vendor\\laravel\\framework\\src\\Illuminate\\Foundation\\Application.php(796): Illuminate\\Container\\Container->resolve('App\\\\Http\\\\Contro...', Array, true)
#6 C:\\xampp\\htdocs\\Cato jobs\\hackathons\\code-ision\\getfund-5.2\\getfund-5.2\\source\\vendor\\laravel\\framework\\src\\Illuminate\\Container\\Container.php(637): Illuminate\\Foundation\\Application->resolve('App\\\\Http\\\\Contro...', Array)
#7 C:\\xampp\\htdocs\\Cato jobs\\hackathons\\code-ision\\getfund-5.2\\getfund-5.2\\source\\vendor\\laravel\\framework\\src\\Illuminate\\Foundation\\Application.php(781): Illuminate\\Container\\Container->make('App\\\\Http\\\\Contro...', Array)
#8 C:\\xampp\\htdocs\\Cato jobs\\hackathons\\code-ision\\getfund-5.2\\getfund-5.2\\source\\vendor\\laravel\\framework\\src\\Illuminate\\Routing\\Route.php(253): Illuminate\\Foundation\\Application->make('App\\\\Http\\\\Contro...')
#9 C:\\xampp\\htdocs\\Cato jobs\\hackathons\\code-ision\\getfund-5.2\\getfund-5.2\\source\\vendor\\laravel\\framework\\src\\Illuminate\\Routing\\Route.php(970): Illuminate\\Routing\\Route->getController()
#10 C:\\xampp\\htdocs\\Cato jobs\\hackathons\\code-ision\\getfund-5.2\\getfund-5.2\\source\\vendor\\laravel\\framework\\src\\Illuminate\\Routing\\Route.php(931): Illuminate\\Routing\\Route->controllerMiddleware()
#11 C:\\xampp\\htdocs\\Cato jobs\\hackathons\\code-ision\\getfund-5.2\\getfund-5.2\\source\\vendor\\laravel\\framework\\src\\Illuminate\\Routing\\Router.php(702): Illuminate\\Routing\\Route->gatherMiddleware()
#12 C:\\xampp\\htdocs\\Cato jobs\\hackathons\\code-ision\\getfund-5.2\\getfund-5.2\\source\\vendor\\laravel\\framework\\src\\Illuminate\\Routing\\Router.php(678): Illuminate\\Routing\\Router->gatherRouteMiddleware(Object(Illuminate\\Routing\\Route))
#13 C:\\xampp\\htdocs\\Cato jobs\\hackathons\\code-ision\\getfund-5.2\\getfund-5.2\\source\\vendor\\laravel\\framework\\src\\Illuminate\\Routing\\Router.php(662): Illuminate\\Routing\\Router->runRouteWithinStack(Object(Illuminate\\Routing\\Route), Object(Illuminate\\Http\\Request))
#14 C:\\xampp\\htdocs\\Cato jobs\\hackathons\\code-ision\\getfund-5.2\\getfund-5.2\\source\\vendor\\laravel\\framework\\src\\Illuminate\\Routing\\Router.php(628): Illuminate\\Routing\\Router->runRoute(Object(Illuminate\\Http\\Request), Object(Illuminate\\Routing\\Route))
#15 C:\\xampp\\htdocs\\Cato jobs\\hackathons\\code-ision\\getfund-5.2\\getfund-5.2\\source\\vendor\\laravel\\framework\\src\\Illuminate\\Routing\\Router.php(617): Illuminate\\Routing\\Router->dispatchToRoute(Object(Illuminate\\Http\\Request))
#16 C:\\xampp\\htdocs\\Cato jobs\\hackathons\\code-ision\\getfund-5.2\\getfund-5.2\\source\\vendor\\laravel\\framework\\src\\Illuminate\\Foundation\\Http\\Kernel.php(165): Illuminate\\Routing\\Router->dispatch(Object(Illuminate\\Http\\Request))
#17 C:\\xampp\\htdocs\\Cato jobs\\hackathons\\code-ision\\getfund-5.2\\getfund-5.2\\source\\vendor\\laravel\\framework\\src\\Illuminate\\Pipeline\\Pipeline.php(128): Illuminate\\Foundation\\Http\\Kernel->Illuminate\\Foundation\\Http\\{closure}(Object(Illuminate\\Http\\Request))
#18 C:\\xampp\\htdocs\\Cato jobs\\hackathons\\code-ision\\getfund-5.2\\getfund-5.2\\source\\vendor\\barryvdh\\laravel-debugbar\\src\\Middleware\\InjectDebugbar.php(65): Illuminate\\Pipeline\\Pipeline->Illuminate\\Pipeline\\{closure}(Object(Illuminate\\Http\\Request))
#19 C:\\xampp\\htdocs\\Cato jobs\\hackathons\\code-ision\\getfund-5.2\\getfund-5.2\\source\\vendor\\laravel\\framework\\src\\Illuminate\\Pipeline\\Pipeline.php(167): Barryvdh\\Debugbar\\Middleware\\InjectDebugbar->handle(Object(Illuminate\\Http\\Request), Object(Closure))
#20 C:\\xampp\\htdocs\\Cato jobs\\hackathons\\code-ision\\getfund-5.2\\getfund-5.2\\source\\vendor\\laravel\\framework\\src\\Illuminate\\Foundation\\Http\\Middleware\\TransformsRequest.php(21): Illuminate\\Pipeline\\Pipeline->Illuminate\\Pipeline\\{closure}(Object(Illuminate\\Http\\Request))
#21 C:\\xampp\\htdocs\\Cato jobs\\hackathons\\code-ision\\getfund-5.2\\getfund-5.2\\source\\vendor\\laravel\\framework\\src\\Illuminate\\Pipeline\\Pipeline.php(167): Illuminate\\Foundation\\Http\\Middleware\\TransformsRequest->handle(Object(Illuminate\\Http\\Request), Object(Closure))
#22 C:\\xampp\\htdocs\\Cato jobs\\hackathons\\code-ision\\getfund-5.2\\getfund-5.2\\source\\vendor\\laravel\\framework\\src\\Illuminate\\Foundation\\Http\\Middleware\\TransformsRequest.php(21): Illuminate\\Pipeline\\Pipeline->Illuminate\\Pipeline\\{closure}(Object(Illuminate\\Http\\Request))
#23 C:\\xampp\\htdocs\\Cato jobs\\hackathons\\code-ision\\getfund-5.2\\getfund-5.2\\source\\vendor\\laravel\\framework\\src\\Illuminate\\Pipeline\\Pipeline.php(167): Illuminate\\Foundation\\Http\\Middleware\\TransformsRequest->handle(Object(Illuminate\\Http\\Request), Object(Closure))
#24 C:\\xampp\\htdocs\\Cato jobs\\hackathons\\code-ision\\getfund-5.2\\getfund-5.2\\source\\vendor\\laravel\\framework\\src\\Illuminate\\Foundation\\Http\\Middleware\\ValidatePostSize.php(27): Illuminate\\Pipeline\\Pipeline->Illuminate\\Pipeline\\{closure}(Object(Illuminate\\Http\\Request))
#25 C:\\xampp\\htdocs\\Cato jobs\\hackathons\\code-ision\\getfund-5.2\\getfund-5.2\\source\\vendor\\laravel\\framework\\src\\Illuminate\\Pipeline\\Pipeline.php(167): Illuminate\\Foundation\\Http\\Middleware\\ValidatePostSize->handle(Object(Illuminate\\Http\\Request), Object(Closure))
#26 C:\\xampp\\htdocs\\Cato jobs\\hackathons\\code-ision\\getfund-5.2\\getfund-5.2\\source\\vendor\\laravel\\framework\\src\\Illuminate\\Foundation\\Http\\Middleware\\CheckForMaintenanceMode.php(63): Illuminate\\Pipeline\\Pipeline->Illuminate\\Pipeline\\{closure}(Object(Illuminate\\Http\\Request))
#27 C:\\xampp\\htdocs\\Cato jobs\\hackathons\\code-ision\\getfund-5.2\\getfund-5.2\\source\\vendor\\laravel\\framework\\src\\Illuminate\\Pipeline\\Pipeline.php(167): Illuminate\\Foundation\\Http\\Middleware\\CheckForMaintenanceMode->handle(Object(Illuminate\\Http\\Request), Object(Closure))
#28 C:\\xampp\\htdocs\\Cato jobs\\hackathons\\code-ision\\getfund-5.2\\getfund-5.2\\source\\vendor\\laravel\\framework\\src\\Illuminate\\Pipeline\\Pipeline.php(103): Illuminate\\Pipeline\\Pipeline->Illuminate\\Pipeline\\{closure}(Object(Illuminate\\Http\\Request))
#29 C:\\xampp\\htdocs\\Cato jobs\\hackathons\\code-ision\\getfund-5.2\\getfund-5.2\\source\\vendor\\laravel\\framework\\src\\Illuminate\\Foundation\\Http\\Kernel.php(140): Illuminate\\Pipeline\\Pipeline->then(Object(Closure))
#30 C:\\xampp\\htdocs\\Cato jobs\\hackathons\\code-ision\\getfund-5.2\\getfund-5.2\\source\\vendor\\laravel\\framework\\src\\Illuminate\\Foundation\\Http\\Kernel.php(109): Illuminate\\Foundation\\Http\\Kernel->sendRequestThroughRouter(Object(Illuminate\\Http\\Request))
#31 C:\\xampp\\htdocs\\Cato jobs\\hackathons\\code-ision\\getfund-5.2\\getfund-5.2\\source\\public\\index.php(53): Illuminate\\Foundation\\Http\\Kernel->handle(Object(Illuminate\\Http\\Request))
#32 C:\\xampp\\htdocs\\Cato jobs\\hackathons\\code-ision\\getfund-5.2\\getfund-5.2\\source\\server.php(21): require_once('C:\\\\xampp\\\\htdocs...')
#33 {main}
"} 
[2022-01-27 03:43:16] local.ERROR: syntax error, unexpected 'public' (T_PUBLIC) {"exception":"[object] (ParseError(code: 0): syntax error, unexpected 'public' (T_PUBLIC) at C:\\xampp\\htdocs\\Cato jobs\\hackathons\\code-ision\\getfund-5.2\\getfund-5.2\\source\\app\\Http\\Controllers\\CampaignsController.php:768)
[stacktrace]
#0 C:\\xampp\\htdocs\\Cato jobs\\hackathons\\code-ision\\getfund-5.2\\getfund-5.2\\source\\vendor\\composer\\ClassLoader.php(428): Composer\\Autoload\\includeFile('C:\\\\xampp\\\\htdocs...')
#1 [internal function]: Composer\\Autoload\\ClassLoader->loadClass('App\\\\Http\\\\Contro...')
#2 [internal function]: spl_autoload_call('App\\\\Http\\\\Contro...')
#3 C:\\xampp\\htdocs\\Cato jobs\\hackathons\\code-ision\\getfund-5.2\\getfund-5.2\\source\\vendor\\barryvdh\\laravel-debugbar\\src\\DataCollector\\RouteCollector.php(63): class_exists('App\\\\Http\\\\Contro...')
#4 C:\\xampp\\htdocs\\Cato jobs\\hackathons\\code-ision\\getfund-5.2\\getfund-5.2\\source\\vendor\\barryvdh\\laravel-debugbar\\src\\DataCollector\\RouteCollector.php(37): Barryvdh\\Debugbar\\DataCollector\\RouteCollector->getRouteInformation(Object(Illuminate\\Routing\\Route))
#5 C:\\xampp\\htdocs\\Cato jobs\\hackathons\\code-ision\\getfund-5.2\\getfund-5.2\\source\\vendor\\barryvdh\\laravel-debugbar\\src\\LaravelDebugbar.php(827): Barryvdh\\Debugbar\\DataCollector\\RouteCollector->collect()
#6 C:\\xampp\\htdocs\\Cato jobs\\hackathons\\code-ision\\getfund-5.2\\getfund-5.2\\source\\vendor\\maximebf\\debugbar\\src\\DebugBar\\DebugBar.php(265): Barryvdh\\Debugbar\\LaravelDebugbar->collect()
#7 C:\\xampp\\htdocs\\Cato jobs\\hackathons\\code-ision\\getfund-5.2\\getfund-5.2\\source\\vendor\\maximebf\\debugbar\\src\\DebugBar\\JavascriptRenderer.php(1043): DebugBar\\DebugBar->getData()
#8 C:\\xampp\\htdocs\\Cato jobs\\hackathons\\code-ision\\getfund-5.2\\getfund-5.2\\source\\vendor\\barryvdh\\laravel-debugbar\\src\\LaravelDebugbar.php(863): DebugBar\\JavascriptRenderer->render()
#9 C:\\xampp\\htdocs\\Cato jobs\\hackathons\\code-ision\\getfund-5.2\\getfund-5.2\\source\\vendor\\barryvdh\\laravel-debugbar\\src\\LaravelDebugbar.php(748): Barryvdh\\Debugbar\\LaravelDebugbar->injectDebugbar(Object(Illuminate\\Http\\Response))
#10 C:\\xampp\\htdocs\\Cato jobs\\hackathons\\code-ision\\getfund-5.2\\getfund-5.2\\source\\vendor\\barryvdh\\laravel-debugbar\\src\\Middleware\\InjectDebugbar.php(74): Barryvdh\\Debugbar\\LaravelDebugbar->modifyResponse(Object(Illuminate\\Http\\Request), Object(Illuminate\\Http\\Response))
#11 C:\\xampp\\htdocs\\Cato jobs\\hackathons\\code-ision\\getfund-5.2\\getfund-5.2\\source\\vendor\\laravel\\framework\\src\\Illuminate\\Pipeline\\Pipeline.php(167): Barryvdh\\Debugbar\\Middleware\\InjectDebugbar->handle(Object(Illuminate\\Http\\Request), Object(Closure))
#12 C:\\xampp\\htdocs\\Cato jobs\\hackathons\\code-ision\\getfund-5.2\\getfund-5.2\\source\\vendor\\laravel\\framework\\src\\Illuminate\\Foundation\\Http\\Middleware\\TransformsRequest.php(21): Illuminate\\Pipeline\\Pipeline->Illuminate\\Pipeline\\{closure}(Object(Illuminate\\Http\\Request))
#13 C:\\xampp\\htdocs\\Cato jobs\\hackathons\\code-ision\\getfund-5.2\\getfund-5.2\\source\\vendor\\laravel\\framework\\src\\Illuminate\\Pipeline\\Pipeline.php(167): Illuminate\\Foundation\\Http\\Middleware\\TransformsRequest->handle(Object(Illuminate\\Http\\Request), Object(Closure))
#14 C:\\xampp\\htdocs\\Cato jobs\\hackathons\\code-ision\\getfund-5.2\\getfund-5.2\\source\\vendor\\laravel\\framework\\src\\Illuminate\\Foundation\\Http\\Middleware\\TransformsRequest.php(21): Illuminate\\Pipeline\\Pipeline->Illuminate\\Pipeline\\{closure}(Object(Illuminate\\Http\\Request))
#15 C:\\xampp\\htdocs\\Cato jobs\\hackathons\\code-ision\\getfund-5.2\\getfund-5.2\\source\\vendor\\laravel\\framework\\src\\Illuminate\\Pipeline\\Pipeline.php(167): Illuminate\\Foundation\\Http\\Middleware\\TransformsRequest->handle(Object(Illuminate\\Http\\Request), Object(Closure))
#16 C:\\xampp\\htdocs\\Cato jobs\\hackathons\\code-ision\\getfund-5.2\\getfund-5.2\\source\\vendor\\laravel\\framework\\src\\Illuminate\\Foundation\\Http\\Middleware\\ValidatePostSize.php(27): Illuminate\\Pipeline\\Pipeline->Illuminate\\Pipeline\\{closure}(Object(Illuminate\\Http\\Request))
#17 C:\\xampp\\htdocs\\Cato jobs\\hackathons\\code-ision\\getfund-5.2\\getfund-5.2\\source\\vendor\\laravel\\framework\\src\\Illuminate\\Pipeline\\Pipeline.php(167): Illuminate\\Foundation\\Http\\Middleware\\ValidatePostSize->handle(Object(Illuminate\\Http\\Request), Object(Closure))
#18 C:\\xampp\\htdocs\\Cato jobs\\hackathons\\code-ision\\getfund-5.2\\getfund-5.2\\source\\vendor\\laravel\\framework\\src\\Illuminate\\Foundation\\Http\\Middleware\\CheckForMaintenanceMode.php(63): Illuminate\\Pipeline\\Pipeline->Illuminate\\Pipeline\\{closure}(Object(Illuminate\\Http\\Request))
#19 C:\\xampp\\htdocs\\Cato jobs\\hackathons\\code-ision\\getfund-5.2\\getfund-5.2\\source\\vendor\\laravel\\framework\\src\\Illuminate\\Pipeline\\Pipeline.php(167): Illuminate\\Foundation\\Http\\Middleware\\CheckForMaintenanceMode->handle(Object(Illuminate\\Http\\Request), Object(Closure))
#20 C:\\xampp\\htdocs\\Cato jobs\\hackathons\\code-ision\\getfund-5.2\\getfund-5.2\\source\\vendor\\laravel\\framework\\src\\Illuminate\\Pipeline\\Pipeline.php(103): Illuminate\\Pipeline\\Pipeline->Illuminate\\Pipeline\\{closure}(Object(Illuminate\\Http\\Request))
#21 C:\\xampp\\htdocs\\Cato jobs\\hackathons\\code-ision\\getfund-5.2\\getfund-5.2\\source\\vendor\\laravel\\framework\\src\\Illuminate\\Foundation\\Http\\Kernel.php(140): Illuminate\\Pipeline\\Pipeline->then(Object(Closure))
#22 C:\\xampp\\htdocs\\Cato jobs\\hackathons\\code-ision\\getfund-5.2\\getfund-5.2\\source\\vendor\\laravel\\framework\\src\\Illuminate\\Foundation\\Http\\Kernel.php(109): Illuminate\\Foundation\\Http\\Kernel->sendRequestThroughRouter(Object(Illuminate\\Http\\Request))
#23 C:\\xampp\\htdocs\\Cato jobs\\hackathons\\code-ision\\getfund-5.2\\getfund-5.2\\source\\public\\index.php(53): Illuminate\\Foundation\\Http\\Kernel->handle(Object(Illuminate\\Http\\Request))
#24 C:\\xampp\\htdocs\\Cato jobs\\hackathons\\code-ision\\getfund-5.2\\getfund-5.2\\source\\server.php(21): require_once('C:\\\\xampp\\\\htdocs...')
#25 {main}
"} 
